#
# There is insufficient memory for the Java Runtime Environment to continue.
# Native memory allocation (malloc) failed to allocate 1524176 bytes. Error detail: Chunk::new
# Possible reasons:
#   The system is out of physical RAM or swap space
#   This process is running with CompressedOops enabled, and the Java Heap may be blocking the growth of the native heap
# Possible solutions:
#   Reduce memory load on the system
#   Increase physical memory or swap space
#   Check if swap backing store is full
#   Decrease Java heap size (-Xmx/-Xms)
#   Decrease number of Java threads
#   Decrease Java thread stack sizes (-Xss)
#   Set larger code cache with -XX:ReservedCodeCacheSize=
#   JVM is running with Unscaled Compressed Oops mode in which the Java heap is
#     placed in the first 4GB address space. The Java Heap base address is the
#     maximum limit for the native heap growth. Please use -XX:HeapBaseMinAddress
#     to set the Java Heap base and to place the Java Heap above 4GB virtual address.
# This output file may be truncated or incomplete.
#
#  Out of Memory Error (arena.cpp:168), pid=29208, tid=21900
#
# JRE version: OpenJDK Runtime Environment Temurin-21.0.6+7 (21.0.6+7) (build 21.0.6+7-LTS)
# Java VM: OpenJDK 64-Bit Server VM Temurin-21.0.6+7 (21.0.6+7-LTS, mixed mode, sharing, tiered, compressed oops, compressed class ptrs, parallel gc, windows-amd64)
# No core dump will be written. Minidumps are not enabled by default on client versions of Windows
#

---------------  S U M M A R Y ------------

Command Line: --add-modules=ALL-SYSTEM --add-opens=java.base/java.util=ALL-UNNAMED --add-opens=java.base/java.lang=ALL-UNNAMED --add-opens=java.base/sun.nio.fs=ALL-UNNAMED -Declipse.application=org.eclipse.jdt.ls.core.id1 -Dosgi.bundles.defaultStartLevel=4 -Declipse.product=org.eclipse.jdt.ls.core.product -Djava.import.generatesMetadataFilesAtProjectRoot=false -DDetectVMInstallationsJob.disabled=true -Dfile.encoding=utf8 -XX:+UseParallelGC -XX:GCTimeRatio=4 -XX:AdaptiveSizePolicyWeight=90 -Dsun.zip.disableMemoryMapping=true -Xmx1G -Xms100m -Xlog:disable -javaagent:c:\Users\eduar\.vscode\extensions\redhat.java-1.41.1-win32-x64\lombok\lombok-1.18.36.jar -XX:+HeapDumpOnOutOfMemoryError -XX:HeapDumpPath=c:\Users\eduar\AppData\Roaming\Code\User\workspaceStorage\1a3bf5265045d53ca5bf4db551030756\redhat.java -Daether.dependencyCollector.impl=bf c:\Users\eduar\.vscode\extensions\redhat.java-1.41.1-win32-x64\server\plugins\org.eclipse.equinox.launcher_1.7.0.v20250331-1702.jar -configuration c:\Users\eduar\AppData\Roaming\Code\User\globalStorage\redhat.java\1.41.1\config_win -data c:\Users\eduar\AppData\Roaming\Code\User\workspaceStorage\1a3bf5265045d53ca5bf4db551030756\redhat.java\jdt_ws --pipe=\\.\pipe\lsp-0380fe82b268840f4a415d43a68ba906-sock

Host: 11th Gen Intel(R) Core(TM) i5-1135G7 @ 2.40GHz, 8 cores, 15G,  Windows 11 , 64 bit Build 26100 (10.0.26100.2454)
Time: Fri Apr  4 00:55:47 2025 Hora oficial do Brasil elapsed time: 12.838988 seconds (0d 0h 0m 12s)

---------------  T H R E A D  ---------------

Current thread (0x00000213931fdd30):  JavaThread "C2 CompilerThread0" daemon [_thread_in_native, id=21900, stack(0x0000007f0b500000,0x0000007f0b600000) (1024K)]


Current CompileTask:
C2:12839 4113   !   4       org.eclipse.osgi.internal.loader.classpath.ClasspathManager::findClassImpl (343 bytes)

Stack: [0x0000007f0b500000,0x0000007f0b600000]
Native frames: (J=compiled Java code, j=interpreted, Vv=VM code, C=native code)
V  [jvm.dll+0x6cdee9]
V  [jvm.dll+0x8a83d1]
V  [jvm.dll+0x8aa8fe]
V  [jvm.dll+0x8aafe3]
V  [jvm.dll+0x27f706]
V  [jvm.dll+0xc500d]
V  [jvm.dll+0xc5543]
V  [jvm.dll+0x3b6752]
V  [jvm.dll+0x382935]
V  [jvm.dll+0x381d9a]
V  [jvm.dll+0x2479f0]
V  [jvm.dll+0x246fcf]
V  [jvm.dll+0x1c75ee]
V  [jvm.dll+0x25685a]
V  [jvm.dll+0x254dfa]
V  [jvm.dll+0x3f0256]
V  [jvm.dll+0x851f8b]
V  [jvm.dll+0x6cc5ed]
C  [ucrtbase.dll+0x14ea0]
C  [KERNEL32.DLL+0x2e8d7]
C  [ntdll.dll+0xdfbcc]


---------------  P R O C E S S  ---------------

Threads class SMR info:
_java_thread_list=0x000002139912b2e0, length=24, elements={
0x000002133b7820a0, 0x00000213931d7860, 0x00000213931d98e0, 0x00000213931df580,
0x00000213931e0450, 0x00000213931eb280, 0x00000213931f85b0, 0x00000213931fdd30,
0x0000021394b82830, 0x0000021394c77940, 0x0000021394c77fd0, 0x0000021394c75f00,
0x0000021394c78660, 0x0000021394c76590, 0x0000021394c76c20, 0x0000021394c772b0,
0x0000021394c79380, 0x0000021394c78cf0, 0x00000213998a75b0, 0x00000213998a7c40,
0x00000213998a8ff0, 0x00000213998a9680, 0x00000213998a82d0, 0x000002139b216e40
}

Java Threads: ( => current thread )
  0x000002133b7820a0 JavaThread "main"                              [_thread_blocked, id=18140, stack(0x0000007f0ab00000,0x0000007f0ac00000) (1024K)]
  0x00000213931d7860 JavaThread "Reference Handler"          daemon [_thread_blocked, id=15716, stack(0x0000007f0af00000,0x0000007f0b000000) (1024K)]
  0x00000213931d98e0 JavaThread "Finalizer"                  daemon [_thread_blocked, id=21828, stack(0x0000007f0b000000,0x0000007f0b100000) (1024K)]
  0x00000213931df580 JavaThread "Signal Dispatcher"          daemon [_thread_blocked, id=24284, stack(0x0000007f0b100000,0x0000007f0b200000) (1024K)]
  0x00000213931e0450 JavaThread "Attach Listener"            daemon [_thread_blocked, id=19564, stack(0x0000007f0b200000,0x0000007f0b300000) (1024K)]
  0x00000213931eb280 JavaThread "Service Thread"             daemon [_thread_blocked, id=9776, stack(0x0000007f0b300000,0x0000007f0b400000) (1024K)]
  0x00000213931f85b0 JavaThread "Monitor Deflation Thread"   daemon [_thread_blocked, id=19708, stack(0x0000007f0b400000,0x0000007f0b500000) (1024K)]
=>0x00000213931fdd30 JavaThread "C2 CompilerThread0"         daemon [_thread_in_native, id=21900, stack(0x0000007f0b500000,0x0000007f0b600000) (1024K)]
  0x0000021394b82830 JavaThread "C1 CompilerThread0"         daemon [_thread_blocked, id=29580, stack(0x0000007f0b600000,0x0000007f0b700000) (1024K)]
  0x0000021394c77940 JavaThread "Common-Cleaner"             daemon [_thread_blocked, id=29920, stack(0x0000007f0b700000,0x0000007f0b800000) (1024K)]
  0x0000021394c77fd0 JavaThread "Notification Thread"        daemon [_thread_blocked, id=26396, stack(0x0000007f0b800000,0x0000007f0b900000) (1024K)]
  0x0000021394c75f00 JavaThread "Active Thread: Equinox Container: 910bbb8b-aa1b-489a-96a3-2b1e56f39daf"        [_thread_blocked, id=7120, stack(0x0000007f0c100000,0x0000007f0c200000) (1024K)]
  0x0000021394c78660 JavaThread "Refresh Thread: Equinox Container: 910bbb8b-aa1b-489a-96a3-2b1e56f39daf" daemon [_thread_blocked, id=17896, stack(0x0000007f0c200000,0x0000007f0c300000) (1024K)]
  0x0000021394c76590 JavaThread "Framework Event Dispatcher: Equinox Container: 910bbb8b-aa1b-489a-96a3-2b1e56f39daf" daemon [_thread_blocked, id=16984, stack(0x0000007f0c400000,0x0000007f0c500000) (1024K)]
  0x0000021394c76c20 JavaThread "Start Level: Equinox Container: 910bbb8b-aa1b-489a-96a3-2b1e56f39daf" daemon [_thread_in_vm, id=25444, stack(0x0000007f0c500000,0x0000007f0c600000) (1024K)]
  0x0000021394c772b0 JavaThread "Bundle File Closer"         daemon [_thread_blocked, id=9420, stack(0x0000007f0c600000,0x0000007f0c700000) (1024K)]
  0x0000021394c79380 JavaThread "SCR Component Actor"        daemon [_thread_blocked, id=10532, stack(0x0000007f0c700000,0x0000007f0c800000) (1024K)]
  0x0000021394c78cf0 JavaThread "SCR Component Registry"     daemon [_thread_blocked, id=20172, stack(0x0000007f0c800000,0x0000007f0c900000) (1024K)]
  0x00000213998a75b0 JavaThread "Worker-JM"                         [_thread_blocked, id=14716, stack(0x0000007f0c000000,0x0000007f0c100000) (1024K)]
  0x00000213998a7c40 JavaThread "JNA Cleaner"                daemon [_thread_blocked, id=16060, stack(0x0000007f0c900000,0x0000007f0ca00000) (1024K)]
  0x00000213998a8ff0 JavaThread "Worker-0"                          [_thread_blocked, id=2564, stack(0x0000007f0bf00000,0x0000007f0c000000) (1024K)]
  0x00000213998a9680 JavaThread "Worker-1: Repository registry initialization"        [_thread_in_vm, id=14340, stack(0x0000007f0ca00000,0x0000007f0cb00000) (1024K)]
  0x00000213998a82d0 JavaThread "Worker-2"                          [_thread_blocked, id=2208, stack(0x0000007f0cc00000,0x0000007f0cd00000) (1024K)]
  0x000002139b216e40 JavaThread "C2 CompilerThread1"         daemon [_thread_in_native, id=28968, stack(0x0000007f0cb00000,0x0000007f0cc00000) (1024K)]
Total: 24

Other Threads:
  0x00000213931c36c0 VMThread "VM Thread"                           [id=9116, stack(0x0000007f0ae00000,0x0000007f0af00000) (1024K)]
  0x000002133dda26b0 WatcherThread "VM Periodic Task Thread"        [id=16452, stack(0x0000007f0ad00000,0x0000007f0ae00000) (1024K)]
  0x000002133dd555b0 WorkerThread "GC Thread#0"                     [id=17976, stack(0x0000007f0ac00000,0x0000007f0ad00000) (1024K)]
  0x0000021399433730 WorkerThread "GC Thread#1"                     [id=28664, stack(0x0000007f0b900000,0x0000007f0ba00000) (1024K)]
  0x0000021394e33690 WorkerThread "GC Thread#2"                     [id=27860, stack(0x0000007f0ba00000,0x0000007f0bb00000) (1024K)]
  0x0000021394f7dfa0 WorkerThread "GC Thread#3"                     [id=24720, stack(0x0000007f0bb00000,0x0000007f0bc00000) (1024K)]
  0x0000021394f44ab0 WorkerThread "GC Thread#4"                     [id=23468, stack(0x0000007f0bc00000,0x0000007f0bd00000) (1024K)]
  0x0000021394f44e50 WorkerThread "GC Thread#5"                     [id=25992, stack(0x0000007f0bd00000,0x0000007f0be00000) (1024K)]
  0x000002139963ef90 WorkerThread "GC Thread#6"                     [id=22492, stack(0x0000007f0be00000,0x0000007f0bf00000) (1024K)]
  0x00000213997b30f0 WorkerThread "GC Thread#7"                     [id=15364, stack(0x0000007f0c300000,0x0000007f0c400000) (1024K)]
Total: 10

Threads with active compile tasks:
C2 CompilerThread0  12884 4113   !   4       org.eclipse.osgi.internal.loader.classpath.ClasspathManager::findClassImpl (343 bytes)
C2 CompilerThread1  12884 4161   !   4       java.util.WeakHashMap::expungeStaleEntries (139 bytes)
Total: 2

VM state: not at safepoint (normal execution)

VM Mutex/Monitor currently owned by a thread: None

Heap address: 0x00000000c0000000, size: 1024 MB, Compressed Oops mode: 32-bit

CDS archive(s) mapped at: [0x0000021352000000-0x0000021352ba0000-0x0000021352ba0000), size 12189696, SharedBaseAddress: 0x0000021352000000, ArchiveRelocationMode: 1.
Compressed class space mapped at: 0x0000021353000000-0x0000021393000000, reserved size: 1073741824
Narrow klass base: 0x0000021352000000, Narrow klass shift: 0, Narrow klass range: 0x100000000

GC Precious Log:
 CardTable entry size: 512
 CPUs: 8 total, 8 available
 Memory: 16167M
 Large Page Support: Disabled
 NUMA Support: Disabled
 Compressed Oops: Enabled (32-bit)
 Alignments: Space 512K, Generation 512K, Heap 2M
 Heap Min Capacity: 100M
 Heap Initial Capacity: 100M
 Heap Max Capacity: 1G
 Pre-touch: Disabled
 Parallel Workers: 8

Heap:
 PSYoungGen      total 26112K, used 14228K [0x00000000eab00000, 0x00000000ec800000, 0x0000000100000000)
  eden space 23552K, 55% used [0x00000000eab00000,0x00000000eb7c8df0,0x00000000ec200000)
  from space 2560K, 44% used [0x00000000ec400000,0x00000000ec51c270,0x00000000ec680000)
  to   space 1536K, 0% used [0x00000000ec680000,0x00000000ec680000,0x00000000ec800000)
 ParOldGen       total 68608K, used 12778K [0x00000000c0000000, 0x00000000c4300000, 0x00000000eab00000)
  object space 68608K, 18% used [0x00000000c0000000,0x00000000c0c7aa08,0x00000000c4300000)
 Metaspace       used 28148K, committed 29184K, reserved 1114112K
  class space    used 2817K, committed 3264K, reserved 1048576K

Card table byte_map: [0x000002133d6c0000,0x000002133d8d0000] _byte_map_base: 0x000002133d0c0000

Marking Bits: (ParMarkBitMap*) 0x00007ffdcd993260
 Begin Bits: [0x000002134ff10000, 0x0000021350f10000)
 End Bits:   [0x0000021350f10000, 0x0000021351f10000)

Polling page: 0x000002133ba00000

Metaspace:

Usage:
  Non-class:     24.74 MB used.
      Class:      2.75 MB used.
       Both:     27.49 MB used.

Virtual space:
  Non-class space:       64.00 MB reserved,      25.31 MB ( 40%) committed,  1 nodes.
      Class space:        1.00 GB reserved,       3.19 MB ( <1%) committed,  1 nodes.
             Both:        1.06 GB reserved,      28.50 MB (  3%) committed. 

Chunk freelists:
   Non-Class:  6.48 MB
       Class:  12.86 MB
        Both:  19.34 MB

MaxMetaspaceSize: unlimited
CompressedClassSpaceSize: 1.00 GB
Initial GC threshold: 21.00 MB
Current GC threshold: 35.00 MB
CDS: on
 - commit_granule_bytes: 65536.
 - commit_granule_words: 8192.
 - virtual_space_node_default_size: 8388608.
 - enlarge_chunks_in_place: 1.
 - use_allocation_guard: 0.


Internal statistics:

num_allocs_failed_limit: 3.
num_arena_births: 806.
num_arena_deaths: 14.
num_vsnodes_births: 2.
num_vsnodes_deaths: 0.
num_space_committed: 456.
num_space_uncommitted: 0.
num_chunks_returned_to_freelist: 17.
num_chunks_taken_from_freelist: 2028.
num_chunk_merges: 9.
num_chunk_splits: 1263.
num_chunks_enlarged: 707.
num_inconsistent_stats: 0.

CodeHeap 'non-profiled nmethods': size=120000Kb used=1914Kb max_used=1914Kb free=118085Kb
 bounds [0x00000213489e0000, 0x0000021348c50000, 0x000002134ff10000]
CodeHeap 'profiled nmethods': size=120000Kb used=8661Kb max_used=8661Kb free=111338Kb
 bounds [0x0000021340f10000, 0x0000021341790000, 0x0000021348440000]
CodeHeap 'non-nmethods': size=5760Kb used=1338Kb max_used=1354Kb free=4421Kb
 bounds [0x0000021348440000, 0x00000213486b0000, 0x00000213489e0000]
 total_blobs=4804 nmethods=4187 adapters=523
 compilation: enabled
              stopped_count=0, restarted_count=0
 full_count=0

Compilation events (20 events):
Event: 10.797 Thread 0x0000021394b82830 nmethod 4144 0x0000021341768610 code [0x0000021341768820, 0x0000021341768d70]
Event: 10.797 Thread 0x0000021394b82830 4143       3       lombok.patcher.scripts.AddFieldScript$1::visitField (35 bytes)
Event: 10.797 Thread 0x0000021394b82830 nmethod 4143 0x0000021341769010 code [0x00000213417691e0, 0x0000021341769450]
Event: 10.805 Thread 0x0000021399a935f0 nmethod 4119 0x0000021348bba290 code [0x0000021348bba480, 0x0000021348bba9f0]
Event: 10.806 Thread 0x0000021399a935f0 4145       4       org.lombokweb.asm.SymbolTable::hash (7 bytes)
Event: 10.807 Thread 0x0000021399a935f0 nmethod 4145 0x0000021348bbae90 code [0x0000021348bbb000, 0x0000021348bbb070]
Event: 10.807 Thread 0x0000021399a935f0 4123       4       java.util.regex.Pattern$$Lambda/0x800000031::is (9 bytes)
Event: 10.809 Thread 0x0000021399a935f0 nmethod 4123 0x0000021348bbb590 code [0x0000021348bbb720, 0x0000021348bbb850]
Event: 10.809 Thread 0x0000021399a935f0 4118       4       java.util.ArrayList::fastRemove (44 bytes)
Event: 10.810 Thread 0x0000021394b82830 4147       3       java.lang.invoke.BootstrapMethodInvoker::isLambdaMetafactoryIndyBSM (13 bytes)
Event: 10.810 Thread 0x0000021394b82830 nmethod 4147 0x0000021341769590 code [0x0000021341769720, 0x0000021341769868]
Event: 10.810 Thread 0x0000021399a935f0 nmethod 4118 0x0000021348bbb990 code [0x0000021348bbbb20, 0x0000021348bbbcb8]
Event: 10.814 Thread 0x0000021399a935f0 4148       4       java.util.concurrent.locks.ReentrantLock$Sync::isHeldExclusively (16 bytes)
Event: 10.815 Thread 0x0000021399a935f0 nmethod 4148 0x0000021348bbbe10 code [0x0000021348bbbfa0, 0x0000021348bbc048]
Event: 10.823 Thread 0x0000021394b82830 4149       1       java.lang.reflect.Method::getRoot (5 bytes)
Event: 10.824 Thread 0x0000021394b82830 nmethod 4149 0x0000021348bbc110 code [0x0000021348bbc2a0, 0x0000021348bbc368]
Event: 10.938 Thread 0x0000021394b82830 4150       3       java.util.concurrent.locks.AbstractQueuedSynchronizer::casTail (13 bytes)
Event: 10.938 Thread 0x0000021394b82830 nmethod 4150 0x0000021341769910 code [0x0000021341769aa0, 0x0000021341769be0]
Event: 11.038 Thread 0x0000021394b82830 4151       3       java.lang.Thread::onSpinWait (1 bytes)
Event: 11.038 Thread 0x0000021394b82830 nmethod 4151 0x0000021341769c90 code [0x0000021341769e20, 0x0000021341769f08]

GC Heap History (20 events):
Event: 1.425 GC heap before
{Heap before GC invocations=1 (full 0):
 PSYoungGen      total 29696K, used 25600K [0x00000000eab00000, 0x00000000ecc00000, 0x0000000100000000)
  eden space 25600K, 100% used [0x00000000eab00000,0x00000000ec400000,0x00000000ec400000)
  from space 4096K, 0% used [0x00000000ec800000,0x00000000ec800000,0x00000000ecc00000)
  to   space 4096K, 0% used [0x00000000ec400000,0x00000000ec400000,0x00000000ec800000)
 ParOldGen       total 68608K, used 0K [0x00000000c0000000, 0x00000000c4300000, 0x00000000eab00000)
  object space 68608K, 0% used [0x00000000c0000000,0x00000000c0000000,0x00000000c4300000)
 Metaspace       used 4318K, committed 4480K, reserved 1114112K
  class space    used 437K, committed 512K, reserved 1048576K
}
Event: 1.435 GC heap after
{Heap after GC invocations=1 (full 0):
 PSYoungGen      total 29696K, used 3237K [0x00000000eab00000, 0x00000000ecc00000, 0x0000000100000000)
  eden space 25600K, 0% used [0x00000000eab00000,0x00000000eab00000,0x00000000ec400000)
  from space 4096K, 79% used [0x00000000ec400000,0x00000000ec7297f0,0x00000000ec800000)
  to   space 4096K, 0% used [0x00000000ec800000,0x00000000ec800000,0x00000000ecc00000)
 ParOldGen       total 68608K, used 16K [0x00000000c0000000, 0x00000000c4300000, 0x00000000eab00000)
  object space 68608K, 0% used [0x00000000c0000000,0x00000000c0004000,0x00000000c4300000)
 Metaspace       used 4318K, committed 4480K, reserved 1114112K
  class space    used 437K, committed 512K, reserved 1048576K
}
Event: 2.640 GC heap before
{Heap before GC invocations=2 (full 0):
 PSYoungGen      total 29696K, used 28837K [0x00000000eab00000, 0x00000000ecc00000, 0x0000000100000000)
  eden space 25600K, 100% used [0x00000000eab00000,0x00000000ec400000,0x00000000ec400000)
  from space 4096K, 79% used [0x00000000ec400000,0x00000000ec7297f0,0x00000000ec800000)
  to   space 4096K, 0% used [0x00000000ec800000,0x00000000ec800000,0x00000000ecc00000)
 ParOldGen       total 68608K, used 16K [0x00000000c0000000, 0x00000000c4300000, 0x00000000eab00000)
  object space 68608K, 0% used [0x00000000c0000000,0x00000000c0004000,0x00000000c4300000)
 Metaspace       used 8039K, committed 8384K, reserved 1114112K
  class space    used 794K, committed 960K, reserved 1048576K
}
Event: 2.652 GC heap after
{Heap after GC invocations=2 (full 0):
 PSYoungGen      total 29696K, used 4068K [0x00000000eab00000, 0x00000000ecc00000, 0x0000000100000000)
  eden space 25600K, 0% used [0x00000000eab00000,0x00000000eab00000,0x00000000ec400000)
  from space 4096K, 99% used [0x00000000ec800000,0x00000000ecbf9158,0x00000000ecc00000)
  to   space 4096K, 0% used [0x00000000ec400000,0x00000000ec400000,0x00000000ec800000)
 ParOldGen       total 68608K, used 1726K [0x00000000c0000000, 0x00000000c4300000, 0x00000000eab00000)
  object space 68608K, 2% used [0x00000000c0000000,0x00000000c01af990,0x00000000c4300000)
 Metaspace       used 8039K, committed 8384K, reserved 1114112K
  class space    used 794K, committed 960K, reserved 1048576K
}
Event: 3.428 GC heap before
{Heap before GC invocations=3 (full 0):
 PSYoungGen      total 29696K, used 29668K [0x00000000eab00000, 0x00000000ecc00000, 0x0000000100000000)
  eden space 25600K, 100% used [0x00000000eab00000,0x00000000ec400000,0x00000000ec400000)
  from space 4096K, 99% used [0x00000000ec800000,0x00000000ecbf9158,0x00000000ecc00000)
  to   space 4096K, 0% used [0x00000000ec400000,0x00000000ec400000,0x00000000ec800000)
 ParOldGen       total 68608K, used 1726K [0x00000000c0000000, 0x00000000c4300000, 0x00000000eab00000)
  object space 68608K, 2% used [0x00000000c0000000,0x00000000c01af990,0x00000000c4300000)
 Metaspace       used 9192K, committed 9536K, reserved 1114112K
  class space    used 919K, committed 1088K, reserved 1048576K
}
Event: 3.436 GC heap after
{Heap after GC invocations=3 (full 0):
 PSYoungGen      total 29696K, used 4067K [0x00000000eab00000, 0x00000000ecc00000, 0x0000000100000000)
  eden space 25600K, 0% used [0x00000000eab00000,0x00000000eab00000,0x00000000ec400000)
  from space 4096K, 99% used [0x00000000ec400000,0x00000000ec7f8ed8,0x00000000ec800000)
  to   space 4096K, 0% used [0x00000000ec800000,0x00000000ec800000,0x00000000ecc00000)
 ParOldGen       total 68608K, used 5710K [0x00000000c0000000, 0x00000000c4300000, 0x00000000eab00000)
  object space 68608K, 8% used [0x00000000c0000000,0x00000000c0593b20,0x00000000c4300000)
 Metaspace       used 9192K, committed 9536K, reserved 1114112K
  class space    used 919K, committed 1088K, reserved 1048576K
}
Event: 4.291 GC heap before
{Heap before GC invocations=4 (full 0):
 PSYoungGen      total 29696K, used 29667K [0x00000000eab00000, 0x00000000ecc00000, 0x0000000100000000)
  eden space 25600K, 100% used [0x00000000eab00000,0x00000000ec400000,0x00000000ec400000)
  from space 4096K, 99% used [0x00000000ec400000,0x00000000ec7f8ed8,0x00000000ec800000)
  to   space 4096K, 0% used [0x00000000ec800000,0x00000000ec800000,0x00000000ecc00000)
 ParOldGen       total 68608K, used 5710K [0x00000000c0000000, 0x00000000c4300000, 0x00000000eab00000)
  object space 68608K, 8% used [0x00000000c0000000,0x00000000c0593b20,0x00000000c4300000)
 Metaspace       used 12504K, committed 12928K, reserved 1114112K
  class space    used 1242K, committed 1408K, reserved 1048576K
}
Event: 4.297 GC heap after
{Heap after GC invocations=4 (full 0):
 PSYoungGen      total 29696K, used 4088K [0x00000000eab00000, 0x00000000ecc00000, 0x0000000100000000)
  eden space 25600K, 0% used [0x00000000eab00000,0x00000000eab00000,0x00000000ec400000)
  from space 4096K, 99% used [0x00000000ec800000,0x00000000ecbfe068,0x00000000ecc00000)
  to   space 4096K, 0% used [0x00000000ec400000,0x00000000ec400000,0x00000000ec800000)
 ParOldGen       total 68608K, used 6587K [0x00000000c0000000, 0x00000000c4300000, 0x00000000eab00000)
  object space 68608K, 9% used [0x00000000c0000000,0x00000000c066eeb0,0x00000000c4300000)
 Metaspace       used 12504K, committed 12928K, reserved 1114112K
  class space    used 1242K, committed 1408K, reserved 1048576K
}
Event: 7.216 GC heap before
{Heap before GC invocations=5 (full 0):
 PSYoungGen      total 29696K, used 29688K [0x00000000eab00000, 0x00000000ecc00000, 0x0000000100000000)
  eden space 25600K, 100% used [0x00000000eab00000,0x00000000ec400000,0x00000000ec400000)
  from space 4096K, 99% used [0x00000000ec800000,0x00000000ecbfe068,0x00000000ecc00000)
  to   space 4096K, 0% used [0x00000000ec400000,0x00000000ec400000,0x00000000ec800000)
 ParOldGen       total 68608K, used 6587K [0x00000000c0000000, 0x00000000c4300000, 0x00000000eab00000)
  object space 68608K, 9% used [0x00000000c0000000,0x00000000c066eeb0,0x00000000c4300000)
 Metaspace       used 16343K, committed 16896K, reserved 1114112K
  class space    used 1621K, committed 1856K, reserved 1048576K
}
Event: 7.222 GC heap after
{Heap after GC invocations=5 (full 0):
 PSYoungGen      total 29184K, used 4072K [0x00000000eab00000, 0x00000000ece80000, 0x0000000100000000)
  eden space 25088K, 0% used [0x00000000eab00000,0x00000000eab00000,0x00000000ec380000)
  from space 4096K, 99% used [0x00000000ec400000,0x00000000ec7fa188,0x00000000ec800000)
  to   space 5632K, 0% used [0x00000000ec900000,0x00000000ec900000,0x00000000ece80000)
 ParOldGen       total 68608K, used 7979K [0x00000000c0000000, 0x00000000c4300000, 0x00000000eab00000)
  object space 68608K, 11% used [0x00000000c0000000,0x00000000c07cad60,0x00000000c4300000)
 Metaspace       used 16343K, committed 16896K, reserved 1114112K
  class space    used 1621K, committed 1856K, reserved 1048576K
}
Event: 7.903 GC heap before
{Heap before GC invocations=6 (full 0):
 PSYoungGen      total 29184K, used 29160K [0x00000000eab00000, 0x00000000ece80000, 0x0000000100000000)
  eden space 25088K, 100% used [0x00000000eab00000,0x00000000ec380000,0x00000000ec380000)
  from space 4096K, 99% used [0x00000000ec400000,0x00000000ec7fa188,0x00000000ec800000)
  to   space 5632K, 0% used [0x00000000ec900000,0x00000000ec900000,0x00000000ece80000)
 ParOldGen       total 68608K, used 7979K [0x00000000c0000000, 0x00000000c4300000, 0x00000000eab00000)
  object space 68608K, 11% used [0x00000000c0000000,0x00000000c07cad60,0x00000000c4300000)
 Metaspace       used 18886K, committed 19648K, reserved 1114112K
  class space    used 1896K, committed 2240K, reserved 1048576K
}
Event: 7.908 GC heap after
{Heap after GC invocations=6 (full 0):
 PSYoungGen      total 29184K, used 4143K [0x00000000eab00000, 0x00000000ecd80000, 0x0000000100000000)
  eden space 24576K, 0% used [0x00000000eab00000,0x00000000eab00000,0x00000000ec300000)
  from space 4608K, 89% used [0x00000000ec900000,0x00000000ecd0be28,0x00000000ecd80000)
  to   space 5120K, 0% used [0x00000000ec380000,0x00000000ec380000,0x00000000ec880000)
 ParOldGen       total 68608K, used 7987K [0x00000000c0000000, 0x00000000c4300000, 0x00000000eab00000)
  object space 68608K, 11% used [0x00000000c0000000,0x00000000c07ccd60,0x00000000c4300000)
 Metaspace       used 18886K, committed 19648K, reserved 1114112K
  class space    used 1896K, committed 2240K, reserved 1048576K
}
Event: 8.224 GC heap before
{Heap before GC invocations=7 (full 0):
 PSYoungGen      total 29184K, used 18867K [0x00000000eab00000, 0x00000000ecd80000, 0x0000000100000000)
  eden space 24576K, 59% used [0x00000000eab00000,0x00000000eb961078,0x00000000ec300000)
  from space 4608K, 89% used [0x00000000ec900000,0x00000000ecd0be28,0x00000000ecd80000)
  to   space 5120K, 0% used [0x00000000ec380000,0x00000000ec380000,0x00000000ec880000)
 ParOldGen       total 68608K, used 7987K [0x00000000c0000000, 0x00000000c4300000, 0x00000000eab00000)
  object space 68608K, 11% used [0x00000000c0000000,0x00000000c07ccd60,0x00000000c4300000)
 Metaspace       used 20598K, committed 21504K, reserved 1114112K
  class space    used 2115K, committed 2496K, reserved 1048576K
}
Event: 8.234 GC heap after
{Heap after GC invocations=7 (full 0):
 PSYoungGen      total 28672K, used 4066K [0x00000000eab00000, 0x00000000ecc00000, 0x0000000100000000)
  eden space 24576K, 0% used [0x00000000eab00000,0x00000000eab00000,0x00000000ec300000)
  from space 4096K, 99% used [0x00000000ec380000,0x00000000ec778b10,0x00000000ec780000)
  to   space 4608K, 0% used [0x00000000ec780000,0x00000000ec780000,0x00000000ecc00000)
 ParOldGen       total 68608K, used 9451K [0x00000000c0000000, 0x00000000c4300000, 0x00000000eab00000)
  object space 68608K, 13% used [0x00000000c0000000,0x00000000c093ae88,0x00000000c4300000)
 Metaspace       used 20598K, committed 21504K, reserved 1114112K
  class space    used 2115K, committed 2496K, reserved 1048576K
}
Event: 8.234 GC heap before
{Heap before GC invocations=8 (full 1):
 PSYoungGen      total 28672K, used 4066K [0x00000000eab00000, 0x00000000ecc00000, 0x0000000100000000)
  eden space 24576K, 0% used [0x00000000eab00000,0x00000000eab00000,0x00000000ec300000)
  from space 4096K, 99% used [0x00000000ec380000,0x00000000ec778b10,0x00000000ec780000)
  to   space 4608K, 0% used [0x00000000ec780000,0x00000000ec780000,0x00000000ecc00000)
 ParOldGen       total 68608K, used 9451K [0x00000000c0000000, 0x00000000c4300000, 0x00000000eab00000)
  object space 68608K, 13% used [0x00000000c0000000,0x00000000c093ae88,0x00000000c4300000)
 Metaspace       used 20598K, committed 21504K, reserved 1114112K
  class space    used 2115K, committed 2496K, reserved 1048576K
}
Event: 8.278 GC heap after
{Heap after GC invocations=8 (full 1):
 PSYoungGen      total 28672K, used 0K [0x00000000eab00000, 0x00000000ecc00000, 0x0000000100000000)
  eden space 24576K, 0% used [0x00000000eab00000,0x00000000eab00000,0x00000000ec300000)
  from space 4096K, 0% used [0x00000000ec380000,0x00000000ec380000,0x00000000ec780000)
  to   space 4608K, 0% used [0x00000000ec780000,0x00000000ec780000,0x00000000ecc00000)
 ParOldGen       total 68608K, used 12762K [0x00000000c0000000, 0x00000000c4300000, 0x00000000eab00000)
  object space 68608K, 18% used [0x00000000c0000000,0x00000000c0c76a08,0x00000000c4300000)
 Metaspace       used 20586K, committed 21504K, reserved 1114112K
  class space    used 2111K, committed 2496K, reserved 1048576K
}
Event: 9.595 GC heap before
{Heap before GC invocations=9 (full 1):
 PSYoungGen      total 28672K, used 24529K [0x00000000eab00000, 0x00000000ecc00000, 0x0000000100000000)
  eden space 24576K, 99% used [0x00000000eab00000,0x00000000ec2f4790,0x00000000ec300000)
  from space 4096K, 0% used [0x00000000ec380000,0x00000000ec380000,0x00000000ec780000)
  to   space 4608K, 0% used [0x00000000ec780000,0x00000000ec780000,0x00000000ecc00000)
 ParOldGen       total 68608K, used 12762K [0x00000000c0000000, 0x00000000c4300000, 0x00000000eab00000)
  object space 68608K, 18% used [0x00000000c0000000,0x00000000c0c76a08,0x00000000c4300000)
 Metaspace       used 22793K, committed 23808K, reserved 1114112K
  class space    used 2287K, committed 2752K, reserved 1048576K
}
Event: 9.596 GC heap after
{Heap after GC invocations=9 (full 1):
 PSYoungGen      total 25600K, used 1178K [0x00000000eab00000, 0x00000000ec900000, 0x0000000100000000)
  eden space 24064K, 0% used [0x00000000eab00000,0x00000000eab00000,0x00000000ec280000)
  from space 1536K, 76% used [0x00000000ec780000,0x00000000ec8a68e8,0x00000000ec900000)
  to   space 2560K, 0% used [0x00000000ec400000,0x00000000ec400000,0x00000000ec680000)
 ParOldGen       total 68608K, used 12770K [0x00000000c0000000, 0x00000000c4300000, 0x00000000eab00000)
  object space 68608K, 18% used [0x00000000c0000000,0x00000000c0c78a08,0x00000000c4300000)
 Metaspace       used 22793K, committed 23808K, reserved 1114112K
  class space    used 2287K, committed 2752K, reserved 1048576K
}
Event: 10.812 GC heap before
{Heap before GC invocations=10 (full 1):
 PSYoungGen      total 25600K, used 25242K [0x00000000eab00000, 0x00000000ec900000, 0x0000000100000000)
  eden space 24064K, 100% used [0x00000000eab00000,0x00000000ec280000,0x00000000ec280000)
  from space 1536K, 76% used [0x00000000ec780000,0x00000000ec8a68e8,0x00000000ec900000)
  to   space 2560K, 0% used [0x00000000ec400000,0x00000000ec400000,0x00000000ec680000)
 ParOldGen       total 68608K, used 12770K [0x00000000c0000000, 0x00000000c4300000, 0x00000000eab00000)
  object space 68608K, 18% used [0x00000000c0000000,0x00000000c0c78a08,0x00000000c4300000)
 Metaspace       used 26595K, committed 27584K, reserved 1114112K
  class space    used 2640K, committed 3072K, reserved 1048576K
}
Event: 10.814 GC heap after
{Heap after GC invocations=10 (full 1):
 PSYoungGen      total 26112K, used 1136K [0x00000000eab00000, 0x00000000ec800000, 0x0000000100000000)
  eden space 23552K, 0% used [0x00000000eab00000,0x00000000eab00000,0x00000000ec200000)
  from space 2560K, 44% used [0x00000000ec400000,0x00000000ec51c270,0x00000000ec680000)
  to   space 1536K, 0% used [0x00000000ec680000,0x00000000ec680000,0x00000000ec800000)
 ParOldGen       total 68608K, used 12778K [0x00000000c0000000, 0x00000000c4300000, 0x00000000eab00000)
  object space 68608K, 18% used [0x00000000c0000000,0x00000000c0c7aa08,0x00000000c4300000)
 Metaspace       used 26595K, committed 27584K, reserved 1114112K
  class space    used 2640K, committed 3072K, reserved 1048576K
}

Dll operation events (10 events):
Event: 0.014 Loaded shared library c:\Users\eduar\.vscode\extensions\redhat.java-1.41.1-win32-x64\jre\21.0.6-win32-x86_64\bin\java.dll
Event: 0.093 Loaded shared library c:\Users\eduar\.vscode\extensions\redhat.java-1.41.1-win32-x64\jre\21.0.6-win32-x86_64\bin\zip.dll
Event: 0.123 Loaded shared library C:\Users\eduar\.vscode\extensions\redhat.java-1.41.1-win32-x64\jre\21.0.6-win32-x86_64\bin\instrument.dll
Event: 0.129 Loaded shared library C:\Users\eduar\.vscode\extensions\redhat.java-1.41.1-win32-x64\jre\21.0.6-win32-x86_64\bin\net.dll
Event: 0.132 Loaded shared library C:\Users\eduar\.vscode\extensions\redhat.java-1.41.1-win32-x64\jre\21.0.6-win32-x86_64\bin\nio.dll
Event: 0.137 Loaded shared library C:\Users\eduar\.vscode\extensions\redhat.java-1.41.1-win32-x64\jre\21.0.6-win32-x86_64\bin\zip.dll
Event: 0.159 Loaded shared library C:\Users\eduar\.vscode\extensions\redhat.java-1.41.1-win32-x64\jre\21.0.6-win32-x86_64\bin\jimage.dll
Event: 0.313 Loaded shared library c:\Users\eduar\.vscode\extensions\redhat.java-1.41.1-win32-x64\jre\21.0.6-win32-x86_64\bin\verify.dll
Event: 2.551 Loaded shared library C:\Users\eduar\AppData\Roaming\Code\User\globalStorage\redhat.java\1.41.1\config_win\org.eclipse.equinox.launcher\org.eclipse.equinox.launcher.win32.win32.x86_64_1.2.1300.v20250331-1702\eclipse_11911.dll
Event: 7.160 Loaded shared library C:\Users\eduar\AppData\Local\Temp\jna-96370279\jna11300156148402763936.dll

Deoptimization events (20 events):
Event: 9.586 Thread 0x00000213998a9680 DEOPT PACKING pc=0x0000021348bb28b8 sp=0x0000007f0cafe700
Event: 9.586 Thread 0x00000213998a9680 DEOPT UNPACKING pc=0x0000021348496da2 sp=0x0000007f0cafe698 mode 2
Event: 9.586 Thread 0x00000213998a9680 Uncommon trap: trap_request=0xffffffde fr.pc=0x0000021348bb28b8 relative=0x00000000000000f8
Event: 9.586 Thread 0x00000213998a9680 Uncommon trap: reason=class_check action=maybe_recompile pc=0x0000021348bb28b8 method=java.lang.Character.codePointAt(Ljava/lang/CharSequence;I)I @ 2 c2
Event: 9.586 Thread 0x00000213998a9680 DEOPT PACKING pc=0x0000021348bb28b8 sp=0x0000007f0cafe700
Event: 9.586 Thread 0x00000213998a9680 DEOPT UNPACKING pc=0x0000021348496da2 sp=0x0000007f0cafe698 mode 2
Event: 9.586 Thread 0x00000213998a9680 Uncommon trap: trap_request=0xffffffde fr.pc=0x0000021348bb28b8 relative=0x00000000000000f8
Event: 9.586 Thread 0x00000213998a9680 Uncommon trap: reason=class_check action=maybe_recompile pc=0x0000021348bb28b8 method=java.lang.Character.codePointAt(Ljava/lang/CharSequence;I)I @ 2 c2
Event: 9.586 Thread 0x00000213998a9680 DEOPT PACKING pc=0x0000021348bb28b8 sp=0x0000007f0cafe700
Event: 9.586 Thread 0x00000213998a9680 DEOPT UNPACKING pc=0x0000021348496da2 sp=0x0000007f0cafe698 mode 2
Event: 9.586 Thread 0x00000213998a9680 Uncommon trap: trap_request=0xffffffde fr.pc=0x0000021348bb28b8 relative=0x00000000000000f8
Event: 9.586 Thread 0x00000213998a9680 Uncommon trap: reason=class_check action=maybe_recompile pc=0x0000021348bb28b8 method=java.lang.Character.codePointAt(Ljava/lang/CharSequence;I)I @ 2 c2
Event: 9.586 Thread 0x00000213998a9680 DEOPT PACKING pc=0x0000021348bb28b8 sp=0x0000007f0cafe700
Event: 9.586 Thread 0x00000213998a9680 DEOPT UNPACKING pc=0x0000021348496da2 sp=0x0000007f0cafe698 mode 2
Event: 9.586 Thread 0x00000213998a9680 Uncommon trap: trap_request=0xffffff76 fr.pc=0x0000021348b37d84 relative=0x0000000000000384
Event: 9.586 Thread 0x00000213998a9680 Uncommon trap: reason=predicate action=maybe_recompile pc=0x0000021348b37d84 method=java.util.regex.Pattern$BmpCharPropertyGreedy.match(Ljava/util/regex/Matcher;ILjava/lang/CharSequence;)Z @ 12 c2
Event: 9.586 Thread 0x00000213998a9680 DEOPT PACKING pc=0x0000021348b37d84 sp=0x0000007f0cafe650
Event: 9.586 Thread 0x00000213998a9680 DEOPT UNPACKING pc=0x0000021348496da2 sp=0x0000007f0cafe5f8 mode 2
Event: 9.689 Thread 0x0000021394c76c20 DEOPT PACKING pc=0x000002134104cfb9 sp=0x0000007f0c5eff30
Event: 9.689 Thread 0x0000021394c76c20 DEOPT UNPACKING pc=0x00000213484978e2 sp=0x0000007f0c5ef430 mode 0

Classes loaded (20 events):
Event: 10.780 Loading class sun/reflect/generics/tree/ClassSignature
Event: 10.780 Loading class sun/reflect/generics/tree/Signature
Event: 10.780 Loading class sun/reflect/generics/tree/Signature done
Event: 10.780 Loading class sun/reflect/generics/tree/ClassSignature done
Event: 10.780 Loading class sun/reflect/annotation/TypeAnnotation$TypeAnnotationTarget
Event: 10.780 Loading class sun/reflect/annotation/TypeAnnotation$TypeAnnotationTarget done
Event: 10.781 Loading class sun/reflect/annotation/TypeAnnotation$LocationInfo
Event: 10.781 Loading class sun/reflect/annotation/TypeAnnotation$LocationInfo done
Event: 10.781 Loading class sun/reflect/annotation/TypeAnnotation$LocationInfo$Location
Event: 10.781 Loading class sun/reflect/annotation/TypeAnnotation$LocationInfo$Location done
Event: 10.781 Loading class sun/reflect/annotation/AnnotatedTypeFactory
Event: 10.781 Loading class sun/reflect/annotation/AnnotatedTypeFactory done
Event: 10.781 Loading class sun/reflect/annotation/AnnotatedTypeFactory$AnnotatedTypeBaseImpl
Event: 10.781 Loading class sun/reflect/annotation/AnnotatedTypeFactory$AnnotatedTypeBaseImpl done
Event: 10.781 Loading class java/util/stream/Streams$ConcatSpliterator$OfRef
Event: 10.781 Loading class java/util/stream/Streams$ConcatSpliterator
Event: 10.781 Loading class java/util/stream/Streams$ConcatSpliterator done
Event: 10.781 Loading class java/util/stream/Streams$ConcatSpliterator$OfRef done
Event: 10.782 Loading class java/util/stream/Streams$2
Event: 10.782 Loading class java/util/stream/Streams$2 done

Classes unloaded (7 events):
Event: 8.241 Thread 0x00000213931c36c0 Unloading class 0x0000021353195400 'java/lang/invoke/LambdaForm$MH+0x0000021353195400'
Event: 8.241 Thread 0x00000213931c36c0 Unloading class 0x0000021353195000 'java/lang/invoke/LambdaForm$MH+0x0000021353195000'
Event: 8.241 Thread 0x00000213931c36c0 Unloading class 0x0000021353194c00 'java/lang/invoke/LambdaForm$MH+0x0000021353194c00'
Event: 8.241 Thread 0x00000213931c36c0 Unloading class 0x0000021353194800 'java/lang/invoke/LambdaForm$MH+0x0000021353194800'
Event: 8.241 Thread 0x00000213931c36c0 Unloading class 0x0000021353194400 'java/lang/invoke/LambdaForm$BMH+0x0000021353194400'
Event: 8.241 Thread 0x00000213931c36c0 Unloading class 0x0000021353194000 'java/lang/invoke/LambdaForm$DMH+0x0000021353194000'
Event: 8.241 Thread 0x00000213931c36c0 Unloading class 0x0000021353192c00 'java/lang/invoke/LambdaForm$DMH+0x0000021353192c00'

Classes redefined (0 events):
No events

Internal exceptions (20 events):
Event: 8.108 Thread 0x0000021394c76c20 Exception <a 'java/lang/NoSuchMethodError'{0x00000000eb4dd228}: 'int java.lang.invoke.DirectMethodHandle$Holder.invokeStaticInit(java.lang.Object, long, long)'> (0x00000000eb4dd228) 
thrown [s\src\hotspot\share\interpreter\linkResolver.cpp, line 773]
Event: 8.110 Thread 0x0000021394c76c20 Exception <a 'java/lang/NoSuchMethodError'{0x00000000eb4e4be0}: 'int java.lang.invoke.DirectMethodHandle$Holder.invokeStaticInit(java.lang.Object, float, float)'> (0x00000000eb4e4be0) 
thrown [s\src\hotspot\share\interpreter\linkResolver.cpp, line 773]
Event: 8.111 Thread 0x0000021394c76c20 Exception <a 'java/lang/NoSuchMethodError'{0x00000000eb4ec590}: 'int java.lang.invoke.DirectMethodHandle$Holder.invokeStaticInit(java.lang.Object, double, double)'> (0x00000000eb4ec590) 
thrown [s\src\hotspot\share\interpreter\linkResolver.cpp, line 773]
Event: 8.111 Thread 0x0000021394c76c20 Exception <a 'java/lang/NoSuchMethodError'{0x00000000eb4f19e0}: 'int java.lang.invoke.DirectMethodHandle$Holder.invokeStatic(java.lang.Object, long)'> (0x00000000eb4f19e0) 
thrown [s\src\hotspot\share\interpreter\linkResolver.cpp, line 773]
Event: 8.113 Thread 0x0000021394c76c20 Exception <a 'java/lang/NoSuchMethodError'{0x00000000eb510748}: 'int java.lang.invoke.Invokers$Holder.linkToTargetMethod(java.lang.Object, java.lang.Object)'> (0x00000000eb510748) 
thrown [s\src\hotspot\share\interpreter\linkResolver.cpp, line 773]
Event: 8.129 Thread 0x0000021394c76c20 Exception <a 'java/lang/NoSuchMethodError'{0x00000000eb597f30}: 'java.lang.Object java.lang.invoke.Invokers$Holder.invoke_MT(java.lang.Object, java.lang.Object, java.lang.Object, java.lang.Object, java.lang.Object, java.lang.Object, java.lang.Object, java.lang.Object, java.lang.Object, java.lang.Object, java.lang.Object)'> (0x00000000eb597f30) 
thrown [s\src\hotspot\share\interpreter\linkResolver.cpp, line 773]
Event: 8.146 Thread 0x0000021394c76c20 Exception <a 'java/lang/NoSuchMethodError'{0x00000000eb6248d8}: 'java.lang.Object java.lang.invoke.Invokers$Holder.invoke_MT(java.lang.Object, java.lang.Object, java.lang.Object, java.lang.Object, java.lang.Object, java.lang.Object, java.lang.Object, java.lang.Object, java.lang.Object, java.lang.Object)'> (0x00000000eb6248d8) 
thrown [s\src\hotspot\share\interpreter\linkResolver.cpp, line 773]
Event: 8.159 Thread 0x0000021394c76c20 Exception <a 'java/lang/NoSuchMethodError'{0x00000000eb6b0f38}: 'java.lang.Object java.lang.invoke.DirectMethodHandle$Holder.newInvokeSpecial(java.lang.Object, java.lang.Object, java.lang.Object, java.lang.Object, java.lang.Object, java.lang.Object, java.lang.Object)'> (0x00000000eb6b0f38) 
thrown [s\src\hotspot\share\interpreter\linkResolver.cpp, line 773]
Event: 8.171 Thread 0x0000021394c76c20 Exception <a 'java/lang/NoSuchMethodError'{0x00000000eb728c58}: 'java.lang.Object java.lang.invoke.Invokers$Holder.invoker(java.lang.Object, java.lang.Object, java.lang.Object, java.lang.Object, java.lang.Object, java.lang.Object, java.lang.Object, java.lang.Object, java.lang.Object, java.lang.Object, java.lang.Object, java.lang.Object, java.lang.Object)'> (0x00000000eb728c58) 
thrown [s\src\hotspot\share\interpreter\linkResolver.cpp, line 773]
Event: 8.172 Thread 0x0000021394c76c20 Exception <a 'java/lang/NoSuchMethodError'{0x00000000eb7330f0}: 'java.lang.Object java.lang.invoke.DelegatingMethodHandle$Holder.delegate(java.lang.Object, java.lang.Object, java.lang.Object, java.lang.Object, java.lang.Object, java.lang.Object, java.lang.Object, java.lang.Object, java.lang.Object, java.lang.Object, java.lang.Object, java.lang.Object, java.lang.Object)'> (0x00000000eb7330f0) 
thrown [s\src\hotspot\share\interpreter\linkResolver.cpp, line 773]
Event: 8.180 Thread 0x0000021394c76c20 Exception <a 'java/lang/NoSuchMethodError'{0x00000000eb799010}: static Lorg/eclipse/m2e/core/internal/lifecyclemapping/model/PluginExecutionMetadata;.<clinit>()V> (0x00000000eb799010) 
thrown [s\src\hotspot\share\prims\jni.cpp, line 1111]
Event: 8.191 Thread 0x0000021394c76c20 Exception <a 'java/lang/NoSuchMethodError'{0x00000000eb7f56e8}: static Lorg/eclipse/m2e/core/internal/lifecyclemapping/model/PluginExecutionFilter;.<clinit>()V> (0x00000000eb7f56e8) 
thrown [s\src\hotspot\share\prims\jni.cpp, line 1111]
Event: 8.199 Thread 0x0000021394c76c20 Exception <a 'java/lang/NoSuchMethodError'{0x00000000eb824a90}: static Lorg/eclipse/m2e/core/internal/project/registry/MavenProjectFacade$MavenProjectConfiguration;.<clinit>()V> (0x00000000eb824a90) 
thrown [s\src\hotspot\share\prims\jni.cpp, line 1111]
Event: 8.394 Thread 0x0000021394c76c20 Exception <a 'java/lang/NoSuchMethodError'{0x00000000eaf59b78}: 'double java.lang.invoke.DirectMethodHandle$Holder.invokeStatic(java.lang.Object, java.lang.Object)'> (0x00000000eaf59b78) 
thrown [s\src\hotspot\share\interpreter\linkResolver.cpp, line 773]
Event: 8.395 Thread 0x0000021394c76c20 Exception <a 'java/lang/NoSuchMethodError'{0x00000000eaf5d488}: 'double java.lang.invoke.DirectMethodHandle$Holder.invokeStaticInit(java.lang.Object, java.lang.Object)'> (0x00000000eaf5d488) 
thrown [s\src\hotspot\share\interpreter\linkResolver.cpp, line 773]
Event: 9.578 Thread 0x0000021394c76c20 Exception <a 'java/io/FileNotFoundException'{0x00000000ec0b8778}> (0x00000000ec0b8778) 
thrown [s\src\hotspot\share\prims\jni.cpp, line 520]
Event: 9.578 Thread 0x0000021394c76c20 Exception <a 'java/io/FileNotFoundException'{0x00000000ec0b95e0}> (0x00000000ec0b95e0) 
thrown [s\src\hotspot\share\prims\jni.cpp, line 520]
Event: 9.578 Thread 0x0000021394c76c20 Exception <a 'java/io/FileNotFoundException'{0x00000000ec0ba550}> (0x00000000ec0ba550) 
thrown [s\src\hotspot\share\prims\jni.cpp, line 520]
Event: 9.605 Thread 0x00000213998a9680 Exception <a 'java/lang/NoSuchMethodError'{0x00000000eac76820}: 'java.lang.Object java.lang.invoke.DirectMethodHandle$Holder.invokeSpecialIFC(java.lang.Object, java.lang.Object, java.lang.Object, java.lang.Object)'> (0x00000000eac76820) 
thrown [s\src\hotspot\share\interpreter\linkResolver.cpp, line 773]
Event: 10.809 Thread 0x00000213998a9680 Exception <a 'java/lang/NoSuchMethodError'{0x00000000ec1cc820}: 'int java.lang.invoke.DirectMethodHandle$Holder.invokeStatic(java.lang.Object, java.lang.Object, java.lang.Object, java.lang.Object, java.lang.Object)'> (0x00000000ec1cc820) 
thrown [s\src\hotspot\share\interpreter\linkResolver.cpp, line 773]

ZGC Phase Switch (0 events):
No events

VM Operations (20 events):
Event: 7.875 Executing VM operation: ICBufferFull
Event: 7.875 Executing VM operation: ICBufferFull done
Event: 7.903 Executing VM operation: ParallelGCFailedAllocation (Allocation Failure)
Event: 7.908 Executing VM operation: ParallelGCFailedAllocation (Allocation Failure) done
Event: 8.088 Executing VM operation: HandshakeAllThreads (Deoptimize)
Event: 8.088 Executing VM operation: HandshakeAllThreads (Deoptimize) done
Event: 8.224 Executing VM operation: CollectForMetadataAllocation (Metadata GC Threshold)
Event: 8.278 Executing VM operation: CollectForMetadataAllocation (Metadata GC Threshold) done
Event: 9.279 Executing VM operation: Cleanup
Event: 9.571 Executing VM operation: Cleanup done
Event: 9.577 Executing VM operation: HandshakeAllThreads (Deoptimize)
Event: 9.577 Executing VM operation: HandshakeAllThreads (Deoptimize) done
Event: 9.594 Executing VM operation: ParallelGCFailedAllocation (Allocation Failure)
Event: 9.596 Executing VM operation: ParallelGCFailedAllocation (Allocation Failure) done
Event: 10.596 Executing VM operation: Cleanup
Event: 10.596 Executing VM operation: Cleanup done
Event: 10.812 Executing VM operation: ParallelGCFailedAllocation (Allocation Failure)
Event: 10.814 Executing VM operation: ParallelGCFailedAllocation (Allocation Failure) done
Event: 11.814 Executing VM operation: Cleanup
Event: 11.825 Executing VM operation: Cleanup done

Memory protections (0 events):
No events

Nmethod flushes (0 events):
No events

Events (20 events):
Event: 2.159 Thread 0x000002133b7820a0 Thread added: 0x0000021394c75f00
Event: 2.539 Thread 0x000002133b7820a0 Thread added: 0x0000021394c78660
Event: 2.660 Thread 0x0000021394c78660 Thread added: 0x0000021394c76590
Event: 2.671 Thread 0x000002133b7820a0 Thread added: 0x0000021394c76c20
Event: 3.269 Thread 0x0000021394c76c20 Thread added: 0x0000021394c772b0
Event: 3.581 Thread 0x0000021394c76c20 Thread added: 0x0000021394c79380
Event: 3.727 Thread 0x0000021394c76c20 Thread added: 0x0000021394c78cf0
Event: 3.776 Thread 0x00000213995fc290 Thread exited: 0x00000213995fc290
Event: 3.776 Thread 0x00000213997156e0 Thread exited: 0x00000213997156e0
Event: 3.975 Thread 0x0000021394b82830 Thread added: 0x000002139a07eb90
Event: 4.575 Thread 0x0000021394c76c20 Thread added: 0x00000213998a75b0
Event: 7.223 Thread 0x0000021394c76c20 Thread added: 0x00000213998a7c40
Event: 7.236 Thread 0x000002139a07eb90 Thread exited: 0x000002139a07eb90
Event: 7.292 Thread 0x0000021394c76c20 Thread added: 0x00000213998a8ff0
Event: 7.331 Thread 0x0000021394c76c20 Thread added: 0x00000213998a9680
Event: 7.519 Thread 0x0000021394b82830 Thread added: 0x000002139a1c1020
Event: 9.572 Thread 0x00000213998a9680 Thread added: 0x00000213998a82d0
Event: 9.572 Thread 0x000002139a1c1020 Thread exited: 0x000002139a1c1020
Event: 10.796 Thread 0x0000021394b82830 Thread added: 0x0000021399a935f0
Event: 11.825 Thread 0x0000021399a935f0 Thread exited: 0x0000021399a935f0


Dynamic libraries:
0x00007ff7d4e40000 - 0x00007ff7d4e4e000 	c:\Users\eduar\.vscode\extensions\redhat.java-1.41.1-win32-x64\jre\21.0.6-win32-x86_64\bin\java.exe
0x00007ffe3a760000 - 0x00007ffe3a9c3000 	C:\WINDOWS\SYSTEM32\ntdll.dll
0x00007ffdf64b0000 - 0x00007ffdf64ca000 	C:\Program Files\Avast Software\Avast\aswhook.dll
0x00007ffe390c0000 - 0x00007ffe39188000 	C:\WINDOWS\System32\KERNEL32.DLL
0x00007ffe37be0000 - 0x00007ffe37f92000 	C:\WINDOWS\System32\KERNELBASE.dll
0x00007ffe38470000 - 0x00007ffe385bb000 	C:\WINDOWS\System32\ucrtbase.dll
0x00007ffe13570000 - 0x00007ffe13588000 	c:\Users\eduar\.vscode\extensions\redhat.java-1.41.1-win32-x64\jre\21.0.6-win32-x86_64\bin\jli.dll
0x00007ffe174d0000 - 0x00007ffe174ee000 	c:\Users\eduar\.vscode\extensions\redhat.java-1.41.1-win32-x64\jre\21.0.6-win32-x86_64\bin\VCRUNTIME140.dll
0x00007ffe385c0000 - 0x00007ffe38788000 	C:\WINDOWS\System32\USER32.dll
0x00007ffe38200000 - 0x00007ffe38227000 	C:\WINDOWS\System32\win32u.dll
0x00007ffe38820000 - 0x00007ffe3884a000 	C:\WINDOWS\System32\GDI32.dll
0x00007ffe38040000 - 0x00007ffe3816b000 	C:\WINDOWS\System32\gdi32full.dll
0x00007ffe37b30000 - 0x00007ffe37bd3000 	C:\WINDOWS\System32\msvcp_win.dll
0x00007ffe1ba70000 - 0x00007ffe1bd00000 	C:\WINDOWS\WinSxS\amd64_microsoft.windows.common-controls_6595b64144ccf1df_6.0.26100.2454_none_3e0b68a2e331ad60\COMCTL32.dll
0x00007ffe3a3a0000 - 0x00007ffe3a449000 	C:\WINDOWS\System32\msvcrt.dll
0x00007ffe38790000 - 0x00007ffe387bf000 	C:\WINDOWS\System32\IMM32.DLL
0x00007ffe07330000 - 0x00007ffe0741b000 	C:\Program Files\Windhawk\Engine\1.5.1\64\windhawk.dll
0x00007ffe388d0000 - 0x00007ffe38984000 	C:\WINDOWS\System32\ADVAPI32.dll
0x00007ffe39680000 - 0x00007ffe39726000 	C:\WINDOWS\System32\sechost.dll
0x00007ffe39c30000 - 0x00007ffe39d46000 	C:\WINDOWS\System32\RPCRT4.dll
0x00007ffe32610000 - 0x00007ffe32736000 	C:\WINDOWS\SYSTEM32\WINHTTP.dll
0x00007ffe232f0000 - 0x00007ffe232fc000 	c:\Users\eduar\.vscode\extensions\redhat.java-1.41.1-win32-x64\jre\21.0.6-win32-x86_64\bin\vcruntime140_1.dll
0x00007ffe069b0000 - 0x00007ffe06a3d000 	c:\Users\eduar\.vscode\extensions\redhat.java-1.41.1-win32-x64\jre\21.0.6-win32-x86_64\bin\msvcp140.dll
0x00007ffdccce0000 - 0x00007ffdcda70000 	c:\Users\eduar\.vscode\extensions\redhat.java-1.41.1-win32-x64\jre\21.0.6-win32-x86_64\bin\server\jvm.dll
0x00007ffe38850000 - 0x00007ffe388c4000 	C:\WINDOWS\System32\WS2_32.dll
0x00007ffe379c0000 - 0x00007ffe37a0e000 	C:\WINDOWS\SYSTEM32\POWRPROF.dll
0x00007ffe2c1a0000 - 0x00007ffe2c1ab000 	C:\WINDOWS\SYSTEM32\VERSION.dll
0x00007ffe2c670000 - 0x00007ffe2c6a6000 	C:\WINDOWS\SYSTEM32\WINMM.dll
0x00007ffe379a0000 - 0x00007ffe379b4000 	C:\WINDOWS\SYSTEM32\UMPDC.dll
0x00007ffe36970000 - 0x00007ffe3698a000 	C:\WINDOWS\SYSTEM32\kernel.appcore.dll
0x00007ffe231c0000 - 0x00007ffe231ca000 	c:\Users\eduar\.vscode\extensions\redhat.java-1.41.1-win32-x64\jre\21.0.6-win32-x86_64\bin\jimage.dll
0x00007ffe26e00000 - 0x00007ffe27041000 	C:\WINDOWS\SYSTEM32\DBGHELP.DLL
0x00007ffe39190000 - 0x00007ffe3950e000 	C:\WINDOWS\System32\combase.dll
0x00007ffe39b50000 - 0x00007ffe39c26000 	C:\WINDOWS\System32\OLEAUT32.dll
0x00007ffe26da0000 - 0x00007ffe26dd9000 	C:\WINDOWS\SYSTEM32\dbgcore.DLL
0x00007ffe37fa0000 - 0x00007ffe38039000 	C:\WINDOWS\System32\bcryptPrimitives.dll
0x00007ffe22510000 - 0x00007ffe2251f000 	c:\Users\eduar\.vscode\extensions\redhat.java-1.41.1-win32-x64\jre\21.0.6-win32-x86_64\bin\instrument.dll
0x00007ffe13520000 - 0x00007ffe1353f000 	c:\Users\eduar\.vscode\extensions\redhat.java-1.41.1-win32-x64\jre\21.0.6-win32-x86_64\bin\java.dll
0x00007ffe38990000 - 0x00007ffe39091000 	C:\WINDOWS\System32\SHELL32.dll
0x00007ffe35810000 - 0x00007ffe36041000 	C:\WINDOWS\SYSTEM32\windows.storage.dll
0x00007ffe39520000 - 0x00007ffe395fa000 	C:\WINDOWS\System32\SHCORE.dll
0x00007ffe3a340000 - 0x00007ffe3a39d000 	C:\WINDOWS\System32\shlwapi.dll
0x00007ffe37a40000 - 0x00007ffe37a6e000 	C:\WINDOWS\SYSTEM32\profapi.dll
0x00007ffe10b90000 - 0x00007ffe10ba8000 	c:\Users\eduar\.vscode\extensions\redhat.java-1.41.1-win32-x64\jre\21.0.6-win32-x86_64\bin\zip.dll
0x00007ffe21ac0000 - 0x00007ffe21ad0000 	C:\Users\eduar\.vscode\extensions\redhat.java-1.41.1-win32-x64\jre\21.0.6-win32-x86_64\bin\net.dll
0x00007ffe36e70000 - 0x00007ffe36ed8000 	C:\WINDOWS\system32\mswsock.dll
0x00007ffe10b40000 - 0x00007ffe10b56000 	C:\Users\eduar\.vscode\extensions\redhat.java-1.41.1-win32-x64\jre\21.0.6-win32-x86_64\bin\nio.dll
0x00007ffe324a0000 - 0x00007ffe324b0000 	c:\Users\eduar\.vscode\extensions\redhat.java-1.41.1-win32-x64\jre\21.0.6-win32-x86_64\bin\verify.dll
0x00007ffe04650000 - 0x00007ffe04695000 	C:\Users\eduar\AppData\Roaming\Code\User\globalStorage\redhat.java\1.41.1\config_win\org.eclipse.equinox.launcher\org.eclipse.equinox.launcher.win32.win32.x86_64_1.2.1300.v20250331-1702\eclipse_11911.dll
0x00007ffe399a0000 - 0x00007ffe39b39000 	C:\WINDOWS\System32\ole32.dll
0x00007ffe37120000 - 0x00007ffe3713c000 	C:\WINDOWS\SYSTEM32\CRYPTSP.dll
0x00007ffe368d0000 - 0x00007ffe36908000 	C:\WINDOWS\system32\rsaenh.dll
0x00007ffe36f10000 - 0x00007ffe36f3b000 	C:\WINDOWS\SYSTEM32\USERENV.dll
0x00007ffe37350000 - 0x00007ffe37376000 	C:\WINDOWS\SYSTEM32\bcrypt.dll
0x00007ffe37110000 - 0x00007ffe3711c000 	C:\WINDOWS\SYSTEM32\CRYPTBASE.dll
0x00007ffe36420000 - 0x00007ffe36452000 	C:\WINDOWS\SYSTEM32\IPHLPAPI.DLL
0x00007ffe39900000 - 0x00007ffe3990a000 	C:\WINDOWS\System32\NSI.dll
0x00007ffe03fd0000 - 0x00007ffe04019000 	C:\Users\eduar\AppData\Local\Temp\jna-96370279\jna11300156148402763936.dll
0x00007ffe3a5f0000 - 0x00007ffe3a5f8000 	C:\WINDOWS\System32\PSAPI.DLL

dbghelp: loaded successfully - version: 4.0.5 - missing functions: none
symbol engine: initialized successfully - sym options: 0x614 - pdb path: .;c:\Users\eduar\.vscode\extensions\redhat.java-1.41.1-win32-x64\jre\21.0.6-win32-x86_64\bin;C:\WINDOWS\SYSTEM32;C:\Program Files\Avast Software\Avast;C:\WINDOWS\WinSxS\amd64_microsoft.windows.common-controls_6595b64144ccf1df_6.0.26100.2454_none_3e0b68a2e331ad60;C:\Program Files\Windhawk\Engine\1.5.1\64;c:\Users\eduar\.vscode\extensions\redhat.java-1.41.1-win32-x64\jre\21.0.6-win32-x86_64\bin\server;C:\Users\eduar\AppData\Roaming\Code\User\globalStorage\redhat.java\1.41.1\config_win\org.eclipse.equinox.launcher\org.eclipse.equinox.launcher.win32.win32.x86_64_1.2.1300.v20250331-1702;C:\Users\eduar\AppData\Local\Temp\jna-96370279

VM Arguments:
jvm_args: --add-modules=ALL-SYSTEM --add-opens=java.base/java.util=ALL-UNNAMED --add-opens=java.base/java.lang=ALL-UNNAMED --add-opens=java.base/sun.nio.fs=ALL-UNNAMED -Declipse.application=org.eclipse.jdt.ls.core.id1 -Dosgi.bundles.defaultStartLevel=4 -Declipse.product=org.eclipse.jdt.ls.core.product -Djava.import.generatesMetadataFilesAtProjectRoot=false -DDetectVMInstallationsJob.disabled=true -Dfile.encoding=utf8 -XX:+UseParallelGC -XX:GCTimeRatio=4 -XX:AdaptiveSizePolicyWeight=90 -Dsun.zip.disableMemoryMapping=true -Xmx1G -Xms100m -Xlog:disable -javaagent:c:\Users\eduar\.vscode\extensions\redhat.java-1.41.1-win32-x64\lombok\lombok-1.18.36.jar -XX:+HeapDumpOnOutOfMemoryError -XX:HeapDumpPath=c:\Users\eduar\AppData\Roaming\Code\User\workspaceStorage\1a3bf5265045d53ca5bf4db551030756\redhat.java -Daether.dependencyCollector.impl=bf 
java_command: c:\Users\eduar\.vscode\extensions\redhat.java-1.41.1-win32-x64\server\plugins\org.eclipse.equinox.launcher_1.7.0.v20250331-1702.jar -configuration c:\Users\eduar\AppData\Roaming\Code\User\globalStorage\redhat.java\1.41.1\config_win -data c:\Users\eduar\AppData\Roaming\Code\User\workspaceStorage\1a3bf5265045d53ca5bf4db551030756\redhat.java\jdt_ws --pipe=\\.\pipe\lsp-0380fe82b268840f4a415d43a68ba906-sock
java_class_path (initial): c:\Users\eduar\.vscode\extensions\redhat.java-1.41.1-win32-x64\server\plugins\org.eclipse.equinox.launcher_1.7.0.v20250331-1702.jar
Launcher Type: SUN_STANDARD

[Global flags]
    uintx AdaptiveSizePolicyWeight                 = 90                                        {product} {command line}
     intx CICompilerCount                          = 4                                         {product} {ergonomic}
    uintx GCTimeRatio                              = 4                                         {product} {command line}
     bool HeapDumpOnOutOfMemoryError               = true                                   {manageable} {command line}
    ccstr HeapDumpPath                             = c:\Users\eduar\AppData\Roaming\Code\User\workspaceStorage\1a3bf5265045d53ca5bf4db551030756\redhat.java         {manageable} {command line}
   size_t InitialHeapSize                          = 104857600                                 {product} {command line}
   size_t MaxHeapSize                              = 1073741824                                {product} {command line}
   size_t MaxNewSize                               = 357564416                                 {product} {ergonomic}
   size_t MinHeapDeltaBytes                        = 524288                                    {product} {ergonomic}
   size_t MinHeapSize                              = 104857600                                 {product} {command line}
   size_t NewSize                                  = 34603008                                  {product} {ergonomic}
    uintx NonNMethodCodeHeapSize                   = 5839372                                {pd product} {ergonomic}
    uintx NonProfiledCodeHeapSize                  = 122909434                              {pd product} {ergonomic}
   size_t OldSize                                  = 70254592                                  {product} {ergonomic}
    uintx ProfiledCodeHeapSize                     = 122909434                              {pd product} {ergonomic}
    uintx ReservedCodeCacheSize                    = 251658240                              {pd product} {ergonomic}
     bool SegmentedCodeCache                       = true                                      {product} {ergonomic}
   size_t SoftMaxHeapSize                          = 1073741824                             {manageable} {ergonomic}
     bool UseCompressedOops                        = true                           {product lp64_product} {ergonomic}
     bool UseLargePagesIndividualAllocation        = false                                  {pd product} {ergonomic}
     bool UseParallelGC                            = true                                      {product} {command line}

Logging:
Log output configuration:
 #0: stdout all=off uptime,level,tags foldmultilines=false
 #1: stderr all=off uptime,level,tags foldmultilines=false

Environment Variables:
JAVA_HOME=C:\Program Files\Java\jdk-24
PATH=%JAVA_HOME%\bin;C:\Program Files\Eclipse Adoptium\jdk-21.0.6.7-hotspot\bin;C:\Program Files (x86)\NVIDIA Corporation\PhysX\Common;C:\Program Files\Common Files\Oracle\Java\javapath;C:\WINDOWS\system32;C:\WINDOWS;C:\WINDOWS\System32\Wbem;C:\WINDOWS\System32\WindowsPowerShell\v1.0\;C:\WINDOWS\System32\OpenSSH\;C:\Program Files (x86)\Microsoft SQL Server\160\Tools\Binn\;C:\Program Files\Microsoft SQL Server\160\Tools\Binn\;C:\Program Files\Microsoft SQL Server\Client SDK\ODBC\170\Tools\Binn\;C:\Program Files\Microsoft SQL Server\160\DTS\Binn\;C:\Program Files\dotnet\;C:\Program Files\Git\cmd;C:\Program Files\nodejs\;C:\Users\eduar\OneDrive\Documentos\apache-maven-3.9.9\bin;\Windows\system32\cmd.exe;C:\Users\eduar\AppData\Local\Programs\Python\Python313\Scripts\;C:\Users\eduar\AppData\Local\Programs\Python\Python313\;C:\Program Files\MySQL\MySQL Shell 8.0\bin\;C:\Users\eduar\scoop\shims;C:\Users\eduar\AppData\Local\Microsoft\WindowsApps;C:\Users\eduar\AppData\Local\GitHubDesktop\bin;C:\Program Files\JetBrains\IntelliJ IDEA Community Edition 2024.1\bin;;C:\Users\eduar\AppData\Local\Programs\Microsoft VS Code\bin;C:\Users\eduar\AppData\Roaming\npm;C:\windows\system32\cmd.exe;
USERNAME=eduar
OS=Windows_NT
PROCESSOR_IDENTIFIER=Intel64 Family 6 Model 140 Stepping 1, GenuineIntel
TMP=C:\Users\eduar\AppData\Local\Temp
TEMP=C:\Users\eduar\AppData\Local\Temp




Periodic native trim disabled

---------------  S Y S T E M  ---------------

OS:
 Windows 11 , 64 bit Build 26100 (10.0.26100.2454)
OS uptime: 0 days 15:48 hours
Hyper-V role detected

CPU: total 8 (initial active 8) (4 cores per cpu, 2 threads per core) family 6 model 140 stepping 1 microcode 0xb8, cx8, cmov, fxsr, ht, mmx, 3dnowpref, sse, sse2, sse3, ssse3, sse4.1, sse4.2, popcnt, lzcnt, tsc, tscinvbit, avx, avx2, aes, erms, clmul, bmi1, bmi2, adx, avx512f, avx512dq, avx512cd, avx512bw, avx512vl, sha, fma, vzeroupper, avx512_vpopcntdq, avx512_vpclmulqdq, avx512_vaes, avx512_vnni, clflush, clflushopt, clwb, avx512_vbmi2, avx512_vbmi, hv, rdtscp, rdpid, fsrm, gfni, avx512_bitalg, f16c, cet_ibt, cet_ss, avx512_ifma
Processor Information for the first 8 processors :
  Max Mhz: 2419, Current Mhz: 2419, Mhz Limit: 2419

Memory: 4k page, system-wide physical 16167M (779M free)
TotalPageFile size 46532M (AvailPageFile size 5M)
current process WorkingSet (physical memory assigned to process): 160M, peak: 161M
current process commit charge ("private bytes"): 255M, peak: 257M

vm_info: OpenJDK 64-Bit Server VM (21.0.6+7-LTS) for windows-amd64 JRE (21.0.6+7-LTS), built on 2025-01-21T00:00:00Z by "admin" with MS VC++ 17.7 (VS2022)

END.
