#
# There is insufficient memory for the Java Runtime Environment to continue.
# Native memory allocation (malloc) failed to allocate 1672016 bytes. Error detail: Chunk::new
# Possible reasons:
#   The system is out of physical RAM or swap space
#   This process is running with CompressedOops enabled, and the Java Heap may be blocking the growth of the native heap
# Possible solutions:
#   Reduce memory load on the system
#   Increase physical memory or swap space
#   Check if swap backing store is full
#   Decrease Java heap size (-Xmx/-Xms)
#   Decrease number of Java threads
#   Decrease Java thread stack sizes (-Xss)
#   Set larger code cache with -XX:ReservedCodeCacheSize=
#   JVM is running with Unscaled Compressed Oops mode in which the Java heap is
#     placed in the first 4GB address space. The Java Heap base address is the
#     maximum limit for the native heap growth. Please use -XX:HeapBaseMinAddress
#     to set the Java Heap base and to place the Java Heap above 4GB virtual address.
# This output file may be truncated or incomplete.
#
#  Out of Memory Error (arena.cpp:168), pid=19284, tid=17020
#
# JRE version: OpenJDK Runtime Environment Temurin-21.0.6+7 (21.0.6+7) (build 21.0.6+7-LTS)
# Java VM: OpenJDK 64-Bit Server VM Temurin-21.0.6+7 (21.0.6+7-LTS, mixed mode, sharing, tiered, compressed oops, compressed class ptrs, parallel gc, windows-amd64)
# No core dump will be written. Minidumps are not enabled by default on client versions of Windows
#

---------------  S U M M A R Y ------------

Command Line: --add-modules=ALL-SYSTEM --add-opens=java.base/java.util=ALL-UNNAMED --add-opens=java.base/java.lang=ALL-UNNAMED --add-opens=java.base/sun.nio.fs=ALL-UNNAMED -Declipse.application=org.eclipse.jdt.ls.core.id1 -Dosgi.bundles.defaultStartLevel=4 -Declipse.product=org.eclipse.jdt.ls.core.product -Djava.import.generatesMetadataFilesAtProjectRoot=false -DDetectVMInstallationsJob.disabled=true -Dfile.encoding=utf8 -XX:+UseParallelGC -XX:GCTimeRatio=4 -XX:AdaptiveSizePolicyWeight=90 -Dsun.zip.disableMemoryMapping=true -Xmx1G -Xms100m -Xlog:disable -javaagent:c:\Users\eduar\.vscode\extensions\redhat.java-1.41.1-win32-x64\lombok\lombok-1.18.36.jar -XX:+HeapDumpOnOutOfMemoryError -XX:HeapDumpPath=c:\Users\eduar\AppData\Roaming\Code\User\workspaceStorage\1a3bf5265045d53ca5bf4db551030756\redhat.java -Daether.dependencyCollector.impl=bf c:\Users\eduar\.vscode\extensions\redhat.java-1.41.1-win32-x64\server\plugins\org.eclipse.equinox.launcher_1.7.0.v20250331-1702.jar -configuration c:\Users\eduar\AppData\Roaming\Code\User\globalStorage\redhat.java\1.41.1\config_win -data c:\Users\eduar\AppData\Roaming\Code\User\workspaceStorage\1a3bf5265045d53ca5bf4db551030756\redhat.java\jdt_ws --pipe=\\.\pipe\lsp-60848f7537591e8673bee05e883c9f12-sock

Host: 11th Gen Intel(R) Core(TM) i5-1135G7 @ 2.40GHz, 8 cores, 15G,  Windows 11 , 64 bit Build 26100 (10.0.26100.2454)
Time: Fri Apr  4 00:55:33 2025 Hora oficial do Brasil elapsed time: 38.671842 seconds (0d 0h 0m 38s)

---------------  T H R E A D  ---------------

Current thread (0x000001cfe1c5a790):  JavaThread "C2 CompilerThread1" daemon [_thread_in_native, id=17020, stack(0x0000002fe2300000,0x0000002fe2400000) (1024K)]


Current CompileTask:
C2:38672 7617 %     4       org.lombokweb.asm.SymbolTable::<init> @ 98 (536 bytes)

Stack: [0x0000002fe2300000,0x0000002fe2400000]
Native frames: (J=compiled Java code, j=interpreted, Vv=VM code, C=native code)
V  [jvm.dll+0x6cdee9]
V  [jvm.dll+0x8a83d1]
V  [jvm.dll+0x8aa8fe]
V  [jvm.dll+0x8aafe3]
V  [jvm.dll+0x27f706]
V  [jvm.dll+0xc500d]
V  [jvm.dll+0xc5543]
V  [jvm.dll+0x3b6752]
V  [jvm.dll+0x1dfe13]
V  [jvm.dll+0x247b42]
V  [jvm.dll+0x246fcf]
V  [jvm.dll+0x1c75ee]
V  [jvm.dll+0x25685a]
V  [jvm.dll+0x254dfa]
V  [jvm.dll+0x3f0256]
V  [jvm.dll+0x851f8b]
V  [jvm.dll+0x6cc5ed]
C  [ucrtbase.dll+0x14ea0]
C  [KERNEL32.DLL+0x2e8d7]
C  [ntdll.dll+0xdfbcc]


---------------  P R O C E S S  ---------------

Threads class SMR info:
_java_thread_list=0x000001cfe383f9b0, length=48, elements={
0x000001cf82200d60, 0x000001cf989a5b20, 0x000001cf989a7ca0, 0x000001cf989accc0,
0x000001cf989adcc0, 0x000001cf989b0920, 0x000001cf989b3480, 0x000001cf989b42b0,
0x000001cfdb352070, 0x000001cf846694a0, 0x000001cfdb65bda0, 0x000001cfdbcf9b30,
0x000001cfdbe5d0c0, 0x000001cfdbe16be0, 0x000001cfdbe17240, 0x000001cfdb909fe0,
0x000001cfdb91aca0, 0x000001cfdb365710, 0x000001cfdb363640, 0x000001cfdb366ac0,
0x000001cfdb364360, 0x000001cfdb363cd0, 0x000001cfdb365da0, 0x000001cfdb3649f0,
0x000001cfdb365080, 0x000001cfdb366430, 0x000001cfe23c8280, 0x000001cfe23cb070,
0x000001cfe23c9630, 0x000001cfe23c8910, 0x000001cfe23c8fa0, 0x000001cfe23ca9e0,
0x000001cfe23c7bf0, 0x000001cfe23c9cc0, 0x000001cfe23ca350, 0x000001cfe4224160,
0x000001cfe4223440, 0x000001cfe42247f0, 0x000001cfe4221a00, 0x000001cfe4225510,
0x000001cfe4224e80, 0x000001cfe4222090, 0x000001cfe4222db0, 0x000001cfe4223ad0,
0x000001cfe1c5a790, 0x000001cfe4225ba0, 0x000001cfe4222720, 0x000001cfdb952ba0
}

Java Threads: ( => current thread )
  0x000001cf82200d60 JavaThread "main"                              [_thread_blocked, id=3924, stack(0x0000002fdec00000,0x0000002fded00000) (1024K)]
  0x000001cf989a5b20 JavaThread "Reference Handler"          daemon [_thread_blocked, id=29252, stack(0x0000002fdf000000,0x0000002fdf100000) (1024K)]
  0x000001cf989a7ca0 JavaThread "Finalizer"                  daemon [_thread_blocked, id=11672, stack(0x0000002fdf100000,0x0000002fdf200000) (1024K)]
  0x000001cf989accc0 JavaThread "Signal Dispatcher"          daemon [_thread_blocked, id=19792, stack(0x0000002fdf200000,0x0000002fdf300000) (1024K)]
  0x000001cf989adcc0 JavaThread "Attach Listener"            daemon [_thread_blocked, id=27680, stack(0x0000002fdf300000,0x0000002fdf400000) (1024K)]
  0x000001cf989b0920 JavaThread "Service Thread"             daemon [_thread_blocked, id=25676, stack(0x0000002fdf400000,0x0000002fdf500000) (1024K)]
  0x000001cf989b3480 JavaThread "Monitor Deflation Thread"   daemon [_thread_blocked, id=29668, stack(0x0000002fdf500000,0x0000002fdf600000) (1024K)]
  0x000001cf989b42b0 JavaThread "C2 CompilerThread0"         daemon [_thread_blocked, id=18368, stack(0x0000002fdf600000,0x0000002fdf700000) (1024K)]
  0x000001cfdb352070 JavaThread "C1 CompilerThread0"         daemon [_thread_blocked, id=7380, stack(0x0000002fdf700000,0x0000002fdf800000) (1024K)]
  0x000001cf846694a0 JavaThread "Common-Cleaner"             daemon [_thread_blocked, id=27848, stack(0x0000002fdf800000,0x0000002fdf900000) (1024K)]
  0x000001cfdb65bda0 JavaThread "Notification Thread"        daemon [_thread_blocked, id=27268, stack(0x0000002fdf900000,0x0000002fdfa00000) (1024K)]
  0x000001cfdbcf9b30 JavaThread "Active Thread: Equinox Container: 5ae4c64f-e55a-409c-8f17-c5a49d21545e"        [_thread_blocked, id=29684, stack(0x0000002fe0100000,0x0000002fe0200000) (1024K)]
  0x000001cfdbe5d0c0 JavaThread "Refresh Thread: Equinox Container: 5ae4c64f-e55a-409c-8f17-c5a49d21545e" daemon [_thread_blocked, id=14668, stack(0x0000002fdfa00000,0x0000002fdfb00000) (1024K)]
  0x000001cfdbe16be0 JavaThread "Framework Event Dispatcher: Equinox Container: 5ae4c64f-e55a-409c-8f17-c5a49d21545e" daemon [_thread_blocked, id=19276, stack(0x0000002fe0300000,0x0000002fe0400000) (1024K)]
  0x000001cfdbe17240 JavaThread "Start Level: Equinox Container: 5ae4c64f-e55a-409c-8f17-c5a49d21545e" daemon [_thread_blocked, id=30584, stack(0x0000002fe0400000,0x0000002fe0500000) (1024K)]
  0x000001cfdb909fe0 JavaThread "Bundle File Closer"         daemon [_thread_blocked, id=30572, stack(0x0000002fe0500000,0x0000002fe0600000) (1024K)]
  0x000001cfdb91aca0 JavaThread "SCR Component Actor"        daemon [_thread_blocked, id=26832, stack(0x0000002fe0600000,0x0000002fe0700000) (1024K)]
  0x000001cfdb365710 JavaThread "Worker-JM"                         [_thread_blocked, id=5532, stack(0x0000002fe0900000,0x0000002fe0a00000) (1024K)]
  0x000001cfdb363640 JavaThread "JNA Cleaner"                daemon [_thread_blocked, id=23588, stack(0x0000002fe0a00000,0x0000002fe0b00000) (1024K)]
  0x000001cfdb366ac0 JavaThread "Worker-0"                          [_thread_blocked, id=10952, stack(0x0000002fe0b00000,0x0000002fe0c00000) (1024K)]
  0x000001cfdb364360 JavaThread "Worker-1"                          [_thread_blocked, id=5824, stack(0x0000002fe0c00000,0x0000002fe0d00000) (1024K)]
  0x000001cfdb363cd0 JavaThread "Java indexing"              daemon [_thread_blocked, id=2212, stack(0x0000002fe0e00000,0x0000002fe0f00000) (1024K)]
  0x000001cfdb365da0 JavaThread "Worker-2: Java indexing... "        [_thread_blocked, id=14068, stack(0x0000002fe1100000,0x0000002fe1200000) (1024K)]
  0x000001cfdb3649f0 JavaThread "Worker-3"                          [_thread_blocked, id=11416, stack(0x0000002fe1200000,0x0000002fe1300000) (1024K)]
  0x000001cfdb365080 JavaThread "Worker-4: Building"                [_thread_blocked, id=16744, stack(0x0000002fe1300000,0x0000002fe1400000) (1024K)]
  0x000001cfdb366430 JavaThread "Thread-2"                   daemon [_thread_in_native, id=11820, stack(0x0000002fe1400000,0x0000002fe1500000) (1024K)]
  0x000001cfe23c8280 JavaThread "Thread-3"                   daemon [_thread_in_native, id=24336, stack(0x0000002fe1500000,0x0000002fe1600000) (1024K)]
  0x000001cfe23cb070 JavaThread "Thread-4"                   daemon [_thread_in_native, id=20860, stack(0x0000002fe1600000,0x0000002fe1700000) (1024K)]
  0x000001cfe23c9630 JavaThread "Thread-5"                   daemon [_thread_in_native, id=9392, stack(0x0000002fe1700000,0x0000002fe1800000) (1024K)]
  0x000001cfe23c8910 JavaThread "Thread-6"                   daemon [_thread_in_native, id=20568, stack(0x0000002fe1800000,0x0000002fe1900000) (1024K)]
  0x000001cfe23c8fa0 JavaThread "Thread-7"                   daemon [_thread_in_native, id=22696, stack(0x0000002fe1900000,0x0000002fe1a00000) (1024K)]
  0x000001cfe23ca9e0 JavaThread "Thread-8"                   daemon [_thread_in_native, id=17272, stack(0x0000002fe1a00000,0x0000002fe1b00000) (1024K)]
  0x000001cfe23c7bf0 JavaThread "Thread-9"                   daemon [_thread_in_native, id=30680, stack(0x0000002fe1b00000,0x0000002fe1c00000) (1024K)]
  0x000001cfe23c9cc0 JavaThread "Thread-10"                  daemon [_thread_in_native, id=22320, stack(0x0000002fe1c00000,0x0000002fe1d00000) (1024K)]
  0x000001cfe23ca350 JavaThread "pool-2-thread-1"                   [_thread_blocked, id=15912, stack(0x0000002fe1d00000,0x0000002fe1e00000) (1024K)]
  0x000001cfe4224160 JavaThread "WorkspaceEventsHandler"            [_thread_blocked, id=9100, stack(0x0000002fe1e00000,0x0000002fe1f00000) (1024K)]
  0x000001cfe4223440 JavaThread "pool-1-thread-1"                   [_thread_blocked, id=9244, stack(0x0000002fe1f00000,0x0000002fe2000000) (1024K)]
  0x000001cfe42247f0 JavaThread "Worker-5"                          [_thread_blocked, id=19912, stack(0x0000002fe2000000,0x0000002fe2100000) (1024K)]
  0x000001cfe4221a00 JavaThread "LocalFile Deleter"          daemon [_thread_blocked, id=25652, stack(0x0000002fe0700000,0x0000002fe0800000) (1024K)]
  0x000001cfe4225510 JavaThread "LocalFile Deleter"          daemon [_thread_blocked, id=4408, stack(0x0000002fe0d00000,0x0000002fe0e00000) (1024K)]
  0x000001cfe4224e80 JavaThread "LocalFile Deleter"          daemon [_thread_blocked, id=6644, stack(0x0000002fe2100000,0x0000002fe2200000) (1024K)]
  0x000001cfe4222090 JavaThread "LocalFile Deleter"          daemon [_thread_blocked, id=26876, stack(0x0000002fe2200000,0x0000002fe2300000) (1024K)]
  0x000001cfe4222db0 JavaThread "Compiler Source File Reader" daemon [_thread_blocked, id=19548, stack(0x0000002fe0800000,0x0000002fe0900000) (1024K)]
  0x000001cfe4223ad0 JavaThread "Compiler Source File Reader" daemon [_thread_blocked, id=2536, stack(0x0000002fe2400000,0x0000002fe2500000) (1024K)]
=>0x000001cfe1c5a790 JavaThread "C2 CompilerThread1"         daemon [_thread_in_native, id=17020, stack(0x0000002fe2300000,0x0000002fe2400000) (1024K)]
  0x000001cfe4225ba0 JavaThread "Compiler Source File Reader" daemon [_thread_blocked, id=1052, stack(0x0000002fe2500000,0x0000002fe2600000) (1024K)]
  0x000001cfe4222720 JavaThread "Compiler Source File Reader" daemon [_thread_blocked, id=12820, stack(0x0000002fe2600000,0x0000002fe2700000) (1024K)]
  0x000001cfdb952ba0 JavaThread "C2 CompilerThread2"         daemon [_thread_blocked, id=2468, stack(0x0000002fe2700000,0x0000002fe2800000) (1024K)]
Total: 48

Other Threads:
  0x000001cf989935f0 VMThread "VM Thread"                           [id=6260, stack(0x0000002fdef00000,0x0000002fdf000000) (1024K)]
  0x000001cf84668450 WatcherThread "VM Periodic Task Thread"        [id=22968, stack(0x0000002fdee00000,0x0000002fdef00000) (1024K)]
  0x000001cf8461b2b0 WorkerThread "GC Thread#0"                     [id=9956, stack(0x0000002fded00000,0x0000002fdee00000) (1024K)]
  0x000001cfdbc5bfd0 WorkerThread "GC Thread#1"                     [id=22488, stack(0x0000002fdfb00000,0x0000002fdfc00000) (1024K)]
  0x000001cfdbc5c370 WorkerThread "GC Thread#2"                     [id=27332, stack(0x0000002fdfc00000,0x0000002fdfd00000) (1024K)]
  0x000001cfdbda9f20 WorkerThread "GC Thread#3"                     [id=15824, stack(0x0000002fdfd00000,0x0000002fdfe00000) (1024K)]
  0x000001cfdbdaa2c0 WorkerThread "GC Thread#4"                     [id=26172, stack(0x0000002fdfe00000,0x0000002fdff00000) (1024K)]
  0x000001cfdb9c1d90 WorkerThread "GC Thread#5"                     [id=11592, stack(0x0000002fdff00000,0x0000002fe0000000) (1024K)]
  0x000001cfdb9c0430 WorkerThread "GC Thread#6"                     [id=21676, stack(0x0000002fe0000000,0x0000002fe0100000) (1024K)]
  0x000001cfdb9c12b0 WorkerThread "GC Thread#7"                     [id=28240, stack(0x0000002fe0200000,0x0000002fe0300000) (1024K)]
Total: 10

Threads with active compile tasks:
C2 CompilerThread0  38717 7439   !   4       org.eclipse.jdt.internal.core.search.indexing.BinaryIndexer::indexDocument (1204 bytes)
C2 CompilerThread1  38717 7617 %     4       org.lombokweb.asm.SymbolTable::<init> @ 98 (536 bytes)
C2 CompilerThread2  38717 7674       4       jdk.internal.module.SystemModuleFinders$SystemModuleReader::find (59 bytes)
Total: 3

VM state: at safepoint (normal execution)

VM Mutex/Monitor currently owned by a thread:  ([mutex/lock_event])
[0x00007ffdcd98e380] Threads_lock - owner thread: 0x000001cf989935f0
[0x00007ffdcd98e480] Heap_lock - owner thread: 0x000001cfdb363cd0

Heap address: 0x00000000c0000000, size: 1024 MB, Compressed Oops mode: 32-bit

CDS archive(s) mapped at: [0x000001cf99000000-0x000001cf99ba0000-0x000001cf99ba0000), size 12189696, SharedBaseAddress: 0x000001cf99000000, ArchiveRelocationMode: 1.
Compressed class space mapped at: 0x000001cf9a000000-0x000001cfda000000, reserved size: 1073741824
Narrow klass base: 0x000001cf99000000, Narrow klass shift: 0, Narrow klass range: 0x100000000

GC Precious Log:
 CardTable entry size: 512
 CPUs: 8 total, 8 available
 Memory: 16167M
 Large Page Support: Disabled
 NUMA Support: Disabled
 Compressed Oops: Enabled (32-bit)
 Alignments: Space 512K, Generation 512K, Heap 2M
 Heap Min Capacity: 100M
 Heap Initial Capacity: 100M
 Heap Max Capacity: 1G
 Pre-touch: Disabled
 Parallel Workers: 8

Heap:
 PSYoungGen      total 18944K, used 3060K [0x00000000eab00000, 0x00000000ec080000, 0x0000000100000000)
  eden space 15872K, 0% used [0x00000000eab00000,0x00000000eab00000,0x00000000eba80000)
  from space 3072K, 99% used [0x00000000ebd80000,0x00000000ec07d250,0x00000000ec080000)
  to   space 2048K, 0% used [0x00000000ebb80000,0x00000000ebb80000,0x00000000ebd80000)
 ParOldGen       total 68608K, used 64948K [0x00000000c0000000, 0x00000000c4300000, 0x00000000eab00000)
  object space 68608K, 94% used [0x00000000c0000000,0x00000000c3f6d190,0x00000000c4300000)
 Metaspace       used 52106K, committed 53440K, reserved 1114112K
  class space    used 5474K, committed 6080K, reserved 1048576K

Card table byte_map: [0x000001cf83e90000,0x000001cf840a0000] _byte_map_base: 0x000001cf83890000

Marking Bits: (ParMarkBitMap*) 0x00007ffdcd993260
 Begin Bits: [0x000001cf967d0000, 0x000001cf977d0000)
 End Bits:   [0x000001cf977d0000, 0x000001cf987d0000)

Polling page: 0x000001cf82300000

Metaspace:

Usage:
  Non-class:     45.54 MB used.
      Class:      5.35 MB used.
       Both:     50.88 MB used.

Virtual space:
  Non-class space:       64.00 MB reserved,      46.25 MB ( 72%) committed,  1 nodes.
      Class space:        1.00 GB reserved,       5.94 MB ( <1%) committed,  1 nodes.
             Both:        1.06 GB reserved,      52.19 MB (  5%) committed. 

Chunk freelists:
   Non-Class:  1.80 MB
       Class:  9.93 MB
        Both:  11.73 MB

MaxMetaspaceSize: unlimited
CompressedClassSpaceSize: 1.00 GB
Initial GC threshold: 21.00 MB
Current GC threshold: 58.38 MB
CDS: on
 - commit_granule_bytes: 65536.
 - commit_granule_words: 8192.
 - virtual_space_node_default_size: 8388608.
 - enlarge_chunks_in_place: 1.
 - use_allocation_guard: 0.


Internal statistics:

num_allocs_failed_limit: 8.
num_arena_births: 1008.
num_arena_deaths: 14.
num_vsnodes_births: 2.
num_vsnodes_deaths: 0.
num_space_committed: 835.
num_space_uncommitted: 0.
num_chunks_returned_to_freelist: 22.
num_chunks_taken_from_freelist: 3421.
num_chunk_merges: 14.
num_chunk_splits: 2100.
num_chunks_enlarged: 1137.
num_inconsistent_stats: 0.

CodeHeap 'non-profiled nmethods': size=120000Kb used=4263Kb max_used=4263Kb free=115736Kb
 bounds [0x000001cf8f2a0000, 0x000001cf8f6d0000, 0x000001cf967d0000]
CodeHeap 'profiled nmethods': size=120000Kb used=14950Kb max_used=14950Kb free=105049Kb
 bounds [0x000001cf877d0000, 0x000001cf88670000, 0x000001cf8ed00000]
CodeHeap 'non-nmethods': size=5760Kb used=1401Kb max_used=1467Kb free=4358Kb
 bounds [0x000001cf8ed00000, 0x000001cf8ef70000, 0x000001cf8f2a0000]
 total_blobs=7752 nmethods=7055 adapters=603
 compilation: enabled
              stopped_count=0, restarted_count=0
 full_count=0

Compilation events (20 events):
Event: 37.588 Thread 0x000001cfdb952ba0 nmethod 7642 0x000001cf8f6c8d90 code [0x000001cf8f6c8f20, 0x000001cf8f6c9010]
Event: 37.588 Thread 0x000001cfdb952ba0 7636       4       org.lombokweb.asm.MethodWriter::visitVarInsn (302 bytes)
Event: 37.594 Thread 0x000001cfdb952ba0 nmethod 7636 0x000001cf8f6c9110 code [0x000001cf8f6c9300, 0x000001cf8f6c9848]
Event: 37.595 Thread 0x000001cfdb952ba0 7674       4       jdk.internal.module.SystemModuleFinders$SystemModuleReader::find (59 bytes)
Event: 37.608 Thread 0x000001cfdb352070 7677       3       org.eclipse.jdt.core.compiler.CharOperation::isWhitespace (23 bytes)
Event: 37.608 Thread 0x000001cfdb352070 nmethod 7677 0x000001cf88662590 code [0x000001cf88662740, 0x000001cf886628f8]
Event: 37.608 Thread 0x000001cfdb352070 7678       1       org.eclipse.jdt.internal.compiler.parser.Parser::restartRecovery (5 bytes)
Event: 37.608 Thread 0x000001cfdb352070 nmethod 7678 0x000001cf8f6c9c10 code [0x000001cf8f6c9da0, 0x000001cf8f6c9e70]
Event: 37.613 Thread 0x000001cfdb352070 7679   !   3       java.util.zip.ZipFile$CleanableResource::run (251 bytes)
Event: 37.614 Thread 0x000001cfdb352070 nmethod 7679 0x000001cf88662a10 code [0x000001cf88662ce0, 0x000001cf88663d58]
Event: 37.614 Thread 0x000001cfdb352070 7680   !   3       java.util.zip.ZipFile$Source::release (50 bytes)
Event: 37.615 Thread 0x000001cfdb352070 nmethod 7680 0x000001cf88664510 code [0x000001cf886646e0, 0x000001cf88664a60]
Event: 37.615 Thread 0x000001cfdb352070 7681       3       org.eclipse.jdt.internal.core.search.indexing.AbstractIndexer::addInterfaceDeclaration (86 bytes)
Event: 37.616 Thread 0x000001cfdb352070 nmethod 7681 0x000001cf88664c10 code [0x000001cf88664ee0, 0x000001cf88665ed0]
Event: 37.625 Thread 0x000001cfdb352070 7682   !   3       java.net.URL::of (255 bytes)
Event: 37.626 Thread 0x000001cfdb352070 nmethod 7682 0x000001cf88666610 code [0x000001cf88666a60, 0x000001cf88668528]
Event: 37.633 Thread 0x000001cfdb352070 7683       3       org.eclipse.osgi.internal.loader.BundleLoader::findLocalResource (9 bytes)
Event: 37.634 Thread 0x000001cfdb352070 nmethod 7683 0x000001cf88669010 code [0x000001cf886691e0, 0x000001cf88669500]
Event: 37.634 Thread 0x000001cfdb352070 7684       3       org.eclipse.osgi.internal.loader.ModuleClassLoader::findLocalResource (9 bytes)
Event: 37.634 Thread 0x000001cfdb352070 nmethod 7684 0x000001cf88669690 code [0x000001cf88669840, 0x000001cf886699b8]

GC Heap History (20 events):
Event: 33.790 GC heap after
{Heap after GC invocations=28 (full 2):
 PSYoungGen      total 20992K, used 1526K [0x00000000eab00000, 0x00000000ec980000, 0x0000000100000000)
  eden space 19456K, 0% used [0x00000000eab00000,0x00000000eab00000,0x00000000ebe00000)
  from space 1536K, 99% used [0x00000000ec300000,0x00000000ec47d808,0x00000000ec480000)
  to   space 5120K, 0% used [0x00000000ebe00000,0x00000000ebe00000,0x00000000ec300000)
 ParOldGen       total 68608K, used 40020K [0x00000000c0000000, 0x00000000c4300000, 0x00000000eab00000)
  object space 68608K, 58% used [0x00000000c0000000,0x00000000c2715398,0x00000000c4300000)
 Metaspace       used 47828K, committed 49024K, reserved 1114112K
  class space    used 5063K, committed 5632K, reserved 1048576K
}
Event: 34.778 GC heap before
{Heap before GC invocations=29 (full 2):
 PSYoungGen      total 20992K, used 20982K [0x00000000eab00000, 0x00000000ec980000, 0x0000000100000000)
  eden space 19456K, 100% used [0x00000000eab00000,0x00000000ebe00000,0x00000000ebe00000)
  from space 1536K, 99% used [0x00000000ec300000,0x00000000ec47d808,0x00000000ec480000)
  to   space 5120K, 0% used [0x00000000ebe00000,0x00000000ebe00000,0x00000000ec300000)
 ParOldGen       total 68608K, used 40020K [0x00000000c0000000, 0x00000000c4300000, 0x00000000eab00000)
  object space 68608K, 58% used [0x00000000c0000000,0x00000000c2715398,0x00000000c4300000)
 Metaspace       used 48104K, committed 49344K, reserved 1114112K
  class space    used 5089K, committed 5696K, reserved 1048576K
}
Event: 34.783 GC heap after
{Heap after GC invocations=29 (full 2):
 PSYoungGen      total 24064K, used 4332K [0x00000000eab00000, 0x00000000ec700000, 0x0000000100000000)
  eden space 19456K, 0% used [0x00000000eab00000,0x00000000eab00000,0x00000000ebe00000)
  from space 4608K, 94% used [0x00000000ebe00000,0x00000000ec23b2b8,0x00000000ec280000)
  to   space 4608K, 0% used [0x00000000ec280000,0x00000000ec280000,0x00000000ec700000)
 ParOldGen       total 68608K, used 41416K [0x00000000c0000000, 0x00000000c4300000, 0x00000000eab00000)
  object space 68608K, 60% used [0x00000000c0000000,0x00000000c28723a8,0x00000000c4300000)
 Metaspace       used 48104K, committed 49344K, reserved 1114112K
  class space    used 5089K, committed 5696K, reserved 1048576K
}
Event: 35.380 GC heap before
{Heap before GC invocations=30 (full 2):
 PSYoungGen      total 24064K, used 23788K [0x00000000eab00000, 0x00000000ec700000, 0x0000000100000000)
  eden space 19456K, 100% used [0x00000000eab00000,0x00000000ebe00000,0x00000000ebe00000)
  from space 4608K, 94% used [0x00000000ebe00000,0x00000000ec23b2b8,0x00000000ec280000)
  to   space 4608K, 0% used [0x00000000ec280000,0x00000000ec280000,0x00000000ec700000)
 ParOldGen       total 68608K, used 41416K [0x00000000c0000000, 0x00000000c4300000, 0x00000000eab00000)
  object space 68608K, 60% used [0x00000000c0000000,0x00000000c28723a8,0x00000000c4300000)
 Metaspace       used 48532K, committed 49728K, reserved 1114112K
  class space    used 5134K, committed 5696K, reserved 1048576K
}
Event: 35.386 GC heap after
{Heap after GC invocations=30 (full 2):
 PSYoungGen      total 24064K, used 4058K [0x00000000eab00000, 0x00000000ec700000, 0x0000000100000000)
  eden space 19456K, 0% used [0x00000000eab00000,0x00000000eab00000,0x00000000ebe00000)
  from space 4608K, 88% used [0x00000000ec280000,0x00000000ec676848,0x00000000ec700000)
  to   space 4608K, 0% used [0x00000000ebe00000,0x00000000ebe00000,0x00000000ec280000)
 ParOldGen       total 68608K, used 45395K [0x00000000c0000000, 0x00000000c4300000, 0x00000000eab00000)
  object space 68608K, 66% used [0x00000000c0000000,0x00000000c2c54d50,0x00000000c4300000)
 Metaspace       used 48532K, committed 49728K, reserved 1114112K
  class space    used 5134K, committed 5696K, reserved 1048576K
}
Event: 35.576 GC heap before
{Heap before GC invocations=31 (full 2):
 PSYoungGen      total 24064K, used 23514K [0x00000000eab00000, 0x00000000ec700000, 0x0000000100000000)
  eden space 19456K, 100% used [0x00000000eab00000,0x00000000ebe00000,0x00000000ebe00000)
  from space 4608K, 88% used [0x00000000ec280000,0x00000000ec676848,0x00000000ec700000)
  to   space 4608K, 0% used [0x00000000ebe00000,0x00000000ebe00000,0x00000000ec280000)
 ParOldGen       total 68608K, used 45395K [0x00000000c0000000, 0x00000000c4300000, 0x00000000eab00000)
  object space 68608K, 66% used [0x00000000c0000000,0x00000000c2c54d50,0x00000000c4300000)
 Metaspace       used 49693K, committed 50944K, reserved 1114112K
  class space    used 5238K, committed 5824K, reserved 1048576K
}
Event: 35.581 GC heap after
{Heap after GC invocations=31 (full 2):
 PSYoungGen      total 23040K, used 3135K [0x00000000eab00000, 0x00000000ec500000, 0x0000000100000000)
  eden space 19456K, 0% used [0x00000000eab00000,0x00000000eab00000,0x00000000ebe00000)
  from space 3584K, 87% used [0x00000000ebe00000,0x00000000ec10fe48,0x00000000ec180000)
  to   space 3584K, 0% used [0x00000000ec180000,0x00000000ec180000,0x00000000ec500000)
 ParOldGen       total 68608K, used 49213K [0x00000000c0000000, 0x00000000c4300000, 0x00000000eab00000)
  object space 68608K, 71% used [0x00000000c0000000,0x00000000c300f6e8,0x00000000c4300000)
 Metaspace       used 49693K, committed 50944K, reserved 1114112K
  class space    used 5238K, committed 5824K, reserved 1048576K
}
Event: 36.295 GC heap before
{Heap before GC invocations=32 (full 2):
 PSYoungGen      total 23040K, used 22591K [0x00000000eab00000, 0x00000000ec500000, 0x0000000100000000)
  eden space 19456K, 100% used [0x00000000eab00000,0x00000000ebe00000,0x00000000ebe00000)
  from space 3584K, 87% used [0x00000000ebe00000,0x00000000ec10fe48,0x00000000ec180000)
  to   space 3584K, 0% used [0x00000000ec180000,0x00000000ec180000,0x00000000ec500000)
 ParOldGen       total 68608K, used 49213K [0x00000000c0000000, 0x00000000c4300000, 0x00000000eab00000)
  object space 68608K, 71% used [0x00000000c0000000,0x00000000c300f6e8,0x00000000c4300000)
 Metaspace       used 50501K, committed 51712K, reserved 1114112K
  class space    used 5333K, committed 5888K, reserved 1048576K
}
Event: 36.299 GC heap after
{Heap after GC invocations=32 (full 2):
 PSYoungGen      total 19456K, used 3569K [0x00000000eab00000, 0x00000000ecc00000, 0x0000000100000000)
  eden space 15872K, 0% used [0x00000000eab00000,0x00000000eab00000,0x00000000eba80000)
  from space 3584K, 99% used [0x00000000ec180000,0x00000000ec4fc7a0,0x00000000ec500000)
  to   space 7168K, 0% used [0x00000000eba80000,0x00000000eba80000,0x00000000ec180000)
 ParOldGen       total 68608K, used 52118K [0x00000000c0000000, 0x00000000c4300000, 0x00000000eab00000)
  object space 68608K, 75% used [0x00000000c0000000,0x00000000c32e59a8,0x00000000c4300000)
 Metaspace       used 50501K, committed 51712K, reserved 1114112K
  class space    used 5333K, committed 5888K, reserved 1048576K
}
Event: 37.345 GC heap before
{Heap before GC invocations=33 (full 2):
 PSYoungGen      total 19456K, used 19441K [0x00000000eab00000, 0x00000000ecc00000, 0x0000000100000000)
  eden space 15872K, 100% used [0x00000000eab00000,0x00000000eba80000,0x00000000eba80000)
  from space 3584K, 99% used [0x00000000ec180000,0x00000000ec4fc7a0,0x00000000ec500000)
  to   space 7168K, 0% used [0x00000000eba80000,0x00000000eba80000,0x00000000ec180000)
 ParOldGen       total 68608K, used 52118K [0x00000000c0000000, 0x00000000c4300000, 0x00000000eab00000)
  object space 68608K, 75% used [0x00000000c0000000,0x00000000c32e59a8,0x00000000c4300000)
 Metaspace       used 50568K, committed 51776K, reserved 1114112K
  class space    used 5341K, committed 5888K, reserved 1048576K
}
Event: 37.348 GC heap after
{Heap after GC invocations=33 (full 2):
 PSYoungGen      total 19968K, used 3627K [0x00000000eab00000, 0x00000000ec480000, 0x0000000100000000)
  eden space 15872K, 0% used [0x00000000eab00000,0x00000000eab00000,0x00000000eba80000)
  from space 4096K, 88% used [0x00000000eba80000,0x00000000ebe0ac20,0x00000000ebe80000)
  to   space 5120K, 0% used [0x00000000ebf80000,0x00000000ebf80000,0x00000000ec480000)
 ParOldGen       total 68608K, used 55591K [0x00000000c0000000, 0x00000000c4300000, 0x00000000eab00000)
  object space 68608K, 81% used [0x00000000c0000000,0x00000000c3649f98,0x00000000c4300000)
 Metaspace       used 50568K, committed 51776K, reserved 1114112K
  class space    used 5341K, committed 5888K, reserved 1048576K
}
Event: 37.395 GC heap before
{Heap before GC invocations=34 (full 2):
 PSYoungGen      total 19968K, used 19499K [0x00000000eab00000, 0x00000000ec480000, 0x0000000100000000)
  eden space 15872K, 100% used [0x00000000eab00000,0x00000000eba80000,0x00000000eba80000)
  from space 4096K, 88% used [0x00000000eba80000,0x00000000ebe0ac20,0x00000000ebe80000)
  to   space 5120K, 0% used [0x00000000ebf80000,0x00000000ebf80000,0x00000000ec480000)
 ParOldGen       total 68608K, used 55591K [0x00000000c0000000, 0x00000000c4300000, 0x00000000eab00000)
  object space 68608K, 81% used [0x00000000c0000000,0x00000000c3649f98,0x00000000c4300000)
 Metaspace       used 50854K, committed 52096K, reserved 1114112K
  class space    used 5359K, committed 5952K, reserved 1048576K
}
Event: 37.399 GC heap after
{Heap after GC invocations=34 (full 2):
 PSYoungGen      total 19456K, used 3235K [0x00000000eab00000, 0x00000000ec300000, 0x0000000100000000)
  eden space 15872K, 0% used [0x00000000eab00000,0x00000000eab00000,0x00000000eba80000)
  from space 3584K, 90% used [0x00000000ebf80000,0x00000000ec2a8ef0,0x00000000ec300000)
  to   space 3584K, 0% used [0x00000000ebc00000,0x00000000ebc00000,0x00000000ebf80000)
 ParOldGen       total 68608K, used 58989K [0x00000000c0000000, 0x00000000c4300000, 0x00000000eab00000)
  object space 68608K, 85% used [0x00000000c0000000,0x00000000c399b660,0x00000000c4300000)
 Metaspace       used 50854K, committed 52096K, reserved 1114112K
  class space    used 5359K, committed 5952K, reserved 1048576K
}
Event: 37.453 GC heap before
{Heap before GC invocations=35 (full 2):
 PSYoungGen      total 19456K, used 19107K [0x00000000eab00000, 0x00000000ec300000, 0x0000000100000000)
  eden space 15872K, 100% used [0x00000000eab00000,0x00000000eba80000,0x00000000eba80000)
  from space 3584K, 90% used [0x00000000ebf80000,0x00000000ec2a8ef0,0x00000000ec300000)
  to   space 3584K, 0% used [0x00000000ebc00000,0x00000000ebc00000,0x00000000ebf80000)
 ParOldGen       total 68608K, used 58989K [0x00000000c0000000, 0x00000000c4300000, 0x00000000eab00000)
  object space 68608K, 85% used [0x00000000c0000000,0x00000000c399b660,0x00000000c4300000)
 Metaspace       used 50875K, committed 52160K, reserved 1114112K
  class space    used 5359K, committed 5952K, reserved 1048576K
}
Event: 37.456 GC heap after
{Heap after GC invocations=35 (full 2):
 PSYoungGen      total 17920K, used 1957K [0x00000000eab00000, 0x00000000ec000000, 0x0000000100000000)
  eden space 15872K, 0% used [0x00000000eab00000,0x00000000eab00000,0x00000000eba80000)
  from space 2048K, 95% used [0x00000000ebc00000,0x00000000ebde96b0,0x00000000ebe00000)
  to   space 2048K, 0% used [0x00000000ebe00000,0x00000000ebe00000,0x00000000ec000000)
 ParOldGen       total 68608K, used 61494K [0x00000000c0000000, 0x00000000c4300000, 0x00000000eab00000)
  object space 68608K, 89% used [0x00000000c0000000,0x00000000c3c0d9d0,0x00000000c4300000)
 Metaspace       used 50875K, committed 52160K, reserved 1114112K
  class space    used 5359K, committed 5952K, reserved 1048576K
}
Event: 37.484 GC heap before
{Heap before GC invocations=36 (full 2):
 PSYoungGen      total 17920K, used 17829K [0x00000000eab00000, 0x00000000ec000000, 0x0000000100000000)
  eden space 15872K, 100% used [0x00000000eab00000,0x00000000eba80000,0x00000000eba80000)
  from space 2048K, 95% used [0x00000000ebc00000,0x00000000ebde96b0,0x00000000ebe00000)
  to   space 2048K, 0% used [0x00000000ebe00000,0x00000000ebe00000,0x00000000ec000000)
 ParOldGen       total 68608K, used 61494K [0x00000000c0000000, 0x00000000c4300000, 0x00000000eab00000)
  object space 68608K, 89% used [0x00000000c0000000,0x00000000c3c0d9d0,0x00000000c4300000)
 Metaspace       used 50886K, committed 52160K, reserved 1114112K
  class space    used 5359K, committed 5952K, reserved 1048576K
}
Event: 37.486 GC heap after
{Heap after GC invocations=36 (full 2):
 PSYoungGen      total 17408K, used 1294K [0x00000000eab00000, 0x00000000ebf80000, 0x0000000100000000)
  eden space 15872K, 0% used [0x00000000eab00000,0x00000000eab00000,0x00000000eba80000)
  from space 1536K, 84% used [0x00000000ebe00000,0x00000000ebf439f0,0x00000000ebf80000)
  to   space 2048K, 0% used [0x00000000ebb80000,0x00000000ebb80000,0x00000000ebd80000)
 ParOldGen       total 68608K, used 62382K [0x00000000c0000000, 0x00000000c4300000, 0x00000000eab00000)
  object space 68608K, 90% used [0x00000000c0000000,0x00000000c3cebb68,0x00000000c4300000)
 Metaspace       used 50886K, committed 52160K, reserved 1114112K
  class space    used 5359K, committed 5952K, reserved 1048576K
}
Event: 37.563 GC heap before
{Heap before GC invocations=37 (full 2):
 PSYoungGen      total 17408K, used 17166K [0x00000000eab00000, 0x00000000ebf80000, 0x0000000100000000)
  eden space 15872K, 100% used [0x00000000eab00000,0x00000000eba80000,0x00000000eba80000)
  from space 1536K, 84% used [0x00000000ebe00000,0x00000000ebf439f0,0x00000000ebf80000)
  to   space 2048K, 0% used [0x00000000ebb80000,0x00000000ebb80000,0x00000000ebd80000)
 ParOldGen       total 68608K, used 62382K [0x00000000c0000000, 0x00000000c4300000, 0x00000000eab00000)
  object space 68608K, 90% used [0x00000000c0000000,0x00000000c3cebb68,0x00000000c4300000)
 Metaspace       used 51624K, committed 52864K, reserved 1114112K
  class space    used 5424K, committed 6016K, reserved 1048576K
}
Event: 37.565 GC heap after
{Heap after GC invocations=37 (full 2):
 PSYoungGen      total 17920K, used 2032K [0x00000000eab00000, 0x00000000ec080000, 0x0000000100000000)
  eden space 15872K, 0% used [0x00000000eab00000,0x00000000eab00000,0x00000000eba80000)
  from space 2048K, 99% used [0x00000000ebb80000,0x00000000ebd7c3d8,0x00000000ebd80000)
  to   space 3072K, 0% used [0x00000000ebd80000,0x00000000ebd80000,0x00000000ec080000)
 ParOldGen       total 68608K, used 63020K [0x00000000c0000000, 0x00000000c4300000, 0x00000000eab00000)
  object space 68608K, 91% used [0x00000000c0000000,0x00000000c3d8b1d8,0x00000000c4300000)
 Metaspace       used 51624K, committed 52864K, reserved 1114112K
  class space    used 5424K, committed 6016K, reserved 1048576K
}
Event: 37.644 GC heap before
{Heap before GC invocations=38 (full 2):
 PSYoungGen      total 17920K, used 17904K [0x00000000eab00000, 0x00000000ec080000, 0x0000000100000000)
  eden space 15872K, 100% used [0x00000000eab00000,0x00000000eba80000,0x00000000eba80000)
  from space 2048K, 99% used [0x00000000ebb80000,0x00000000ebd7c3d8,0x00000000ebd80000)
  to   space 3072K, 0% used [0x00000000ebd80000,0x00000000ebd80000,0x00000000ec080000)
 ParOldGen       total 68608K, used 63020K [0x00000000c0000000, 0x00000000c4300000, 0x00000000eab00000)
  object space 68608K, 91% used [0x00000000c0000000,0x00000000c3d8b1d8,0x00000000c4300000)
 Metaspace       used 52106K, committed 53440K, reserved 1114112K
  class space    used 5474K, committed 6080K, reserved 1048576K
}

Dll operation events (10 events):
Event: 0.035 Loaded shared library c:\Users\eduar\.vscode\extensions\redhat.java-1.41.1-win32-x64\jre\21.0.6-win32-x86_64\bin\java.dll
Event: 0.192 Loaded shared library c:\Users\eduar\.vscode\extensions\redhat.java-1.41.1-win32-x64\jre\21.0.6-win32-x86_64\bin\zip.dll
Event: 0.260 Loaded shared library C:\Users\eduar\.vscode\extensions\redhat.java-1.41.1-win32-x64\jre\21.0.6-win32-x86_64\bin\instrument.dll
Event: 0.273 Loaded shared library C:\Users\eduar\.vscode\extensions\redhat.java-1.41.1-win32-x64\jre\21.0.6-win32-x86_64\bin\net.dll
Event: 0.281 Loaded shared library C:\Users\eduar\.vscode\extensions\redhat.java-1.41.1-win32-x64\jre\21.0.6-win32-x86_64\bin\nio.dll
Event: 0.288 Loaded shared library C:\Users\eduar\.vscode\extensions\redhat.java-1.41.1-win32-x64\jre\21.0.6-win32-x86_64\bin\zip.dll
Event: 0.343 Loaded shared library C:\Users\eduar\.vscode\extensions\redhat.java-1.41.1-win32-x64\jre\21.0.6-win32-x86_64\bin\jimage.dll
Event: 0.523 Loaded shared library c:\Users\eduar\.vscode\extensions\redhat.java-1.41.1-win32-x64\jre\21.0.6-win32-x86_64\bin\verify.dll
Event: 6.416 Loaded shared library C:\Users\eduar\AppData\Roaming\Code\User\globalStorage\redhat.java\1.41.1\config_win\org.eclipse.equinox.launcher\org.eclipse.equinox.launcher.win32.win32.x86_64_1.2.1300.v20250331-1702\eclipse_11911.dll
Event: 28.460 Loaded shared library C:\Users\eduar\AppData\Local\Temp\jna-96370279\jna7420129990828451564.dll

Deoptimization events (20 events):
Event: 37.417 Thread 0x000001cfdb365080 Uncommon trap: trap_request=0xffffffde fr.pc=0x000001cf8f484614 relative=0x0000000000003594
Event: 37.417 Thread 0x000001cfdb365080 Uncommon trap: reason=class_check action=maybe_recompile pc=0x000001cf8f484614 method=lombok.patcher.PatchScript$MethodPatcher.visitMethod(ILjava/lang/String;Ljava/lang/String;Ljava/lang/String;[Ljava/lang/String;)Lorg/lombokweb/asm/MethodVisitor; @ 101 c
Event: 37.417 Thread 0x000001cfdb365080 DEOPT PACKING pc=0x000001cf8f484614 sp=0x0000002fe13fa740
Event: 37.417 Thread 0x000001cfdb365080 DEOPT UNPACKING pc=0x000001cf8ed56da2 sp=0x0000002fe13fa768 mode 2
Event: 37.417 Thread 0x000001cfdb365080 Uncommon trap: trap_request=0xffffffde fr.pc=0x000001cf8f484614 relative=0x0000000000003594
Event: 37.417 Thread 0x000001cfdb365080 Uncommon trap: reason=class_check action=maybe_recompile pc=0x000001cf8f484614 method=lombok.patcher.PatchScript$MethodPatcher.visitMethod(ILjava/lang/String;Ljava/lang/String;Ljava/lang/String;[Ljava/lang/String;)Lorg/lombokweb/asm/MethodVisitor; @ 101 c
Event: 37.417 Thread 0x000001cfdb365080 DEOPT PACKING pc=0x000001cf8f484614 sp=0x0000002fe13fa740
Event: 37.417 Thread 0x000001cfdb365080 DEOPT UNPACKING pc=0x000001cf8ed56da2 sp=0x0000002fe13fa768 mode 2
Event: 37.417 Thread 0x000001cfdb365080 Uncommon trap: trap_request=0xffffffde fr.pc=0x000001cf8f484614 relative=0x0000000000003594
Event: 37.417 Thread 0x000001cfdb365080 Uncommon trap: reason=class_check action=maybe_recompile pc=0x000001cf8f484614 method=lombok.patcher.PatchScript$MethodPatcher.visitMethod(ILjava/lang/String;Ljava/lang/String;Ljava/lang/String;[Ljava/lang/String;)Lorg/lombokweb/asm/MethodVisitor; @ 101 c
Event: 37.417 Thread 0x000001cfdb365080 DEOPT PACKING pc=0x000001cf8f484614 sp=0x0000002fe13fa740
Event: 37.417 Thread 0x000001cfdb365080 DEOPT UNPACKING pc=0x000001cf8ed56da2 sp=0x0000002fe13fa768 mode 2
Event: 37.417 Thread 0x000001cfdb365080 Uncommon trap: trap_request=0xffffffde fr.pc=0x000001cf8f484614 relative=0x0000000000003594
Event: 37.417 Thread 0x000001cfdb365080 Uncommon trap: reason=class_check action=maybe_recompile pc=0x000001cf8f484614 method=lombok.patcher.PatchScript$MethodPatcher.visitMethod(ILjava/lang/String;Ljava/lang/String;Ljava/lang/String;[Ljava/lang/String;)Lorg/lombokweb/asm/MethodVisitor; @ 101 c
Event: 37.417 Thread 0x000001cfdb365080 DEOPT PACKING pc=0x000001cf8f484614 sp=0x0000002fe13fa740
Event: 37.417 Thread 0x000001cfdb365080 DEOPT UNPACKING pc=0x000001cf8ed56da2 sp=0x0000002fe13fa768 mode 2
Event: 37.431 Thread 0x000001cfdb365080 DEOPT PACKING pc=0x000001cf88014c33 sp=0x0000002fe13faa30
Event: 37.431 Thread 0x000001cfdb365080 DEOPT UNPACKING pc=0x000001cf8ed578e2 sp=0x0000002fe13f9f60 mode 0
Event: 37.461 Thread 0x000001cfdb365080 DEOPT PACKING pc=0x000001cf88014c33 sp=0x0000002fe13faa30
Event: 37.461 Thread 0x000001cfdb365080 DEOPT UNPACKING pc=0x000001cf8ed578e2 sp=0x0000002fe13f9f60 mode 0

Classes loaded (20 events):
Event: 33.795 Loading class sun/security/provider/MD5
Event: 33.795 Loading class sun/security/provider/MD5 done
Event: 33.796 Loading class sun/security/provider/ByteArrayAccess$LE
Event: 33.796 Loading class sun/security/provider/ByteArrayAccess$LE done
Event: 33.803 Loading class java/util/stream/MatchOps$MatchKind
Event: 33.804 Loading class java/util/stream/MatchOps$MatchKind done
Event: 33.804 Loading class java/util/stream/MatchOps
Event: 33.805 Loading class java/util/stream/MatchOps done
Event: 33.805 Loading class java/util/stream/MatchOps$MatchOp
Event: 33.805 Loading class java/util/stream/MatchOps$MatchOp done
Event: 33.805 Loading class java/util/stream/MatchOps$BooleanTerminalSink
Event: 33.805 Loading class java/util/stream/MatchOps$BooleanTerminalSink done
Event: 33.806 Loading class java/util/stream/MatchOps$1MatchSink
Event: 33.806 Loading class java/util/stream/MatchOps$1MatchSink done
Event: 35.242 Loading class jdk/internal/math/FormattedFPDecimal
Event: 35.243 Loading class jdk/internal/math/FormattedFPDecimal done
Event: 36.003 Loading class java/util/concurrent/ForkJoinTask$AdaptedCallable
Event: 36.003 Loading class java/util/concurrent/ForkJoinTask$AdaptedCallable done
Event: 36.141 Loading class sun/nio/fs/WindowsFileCopy
Event: 36.142 Loading class sun/nio/fs/WindowsFileCopy done

Classes unloaded (7 events):
Event: 29.178 Thread 0x000001cf989935f0 Unloading class 0x000001cf9a19fc00 'java/lang/invoke/LambdaForm$MH+0x000001cf9a19fc00'
Event: 29.178 Thread 0x000001cf989935f0 Unloading class 0x000001cf9a19f800 'java/lang/invoke/LambdaForm$MH+0x000001cf9a19f800'
Event: 29.178 Thread 0x000001cf989935f0 Unloading class 0x000001cf9a19f400 'java/lang/invoke/LambdaForm$MH+0x000001cf9a19f400'
Event: 29.178 Thread 0x000001cf989935f0 Unloading class 0x000001cf9a19f000 'java/lang/invoke/LambdaForm$MH+0x000001cf9a19f000'
Event: 29.178 Thread 0x000001cf989935f0 Unloading class 0x000001cf9a19ec00 'java/lang/invoke/LambdaForm$BMH+0x000001cf9a19ec00'
Event: 29.178 Thread 0x000001cf989935f0 Unloading class 0x000001cf9a19e800 'java/lang/invoke/LambdaForm$DMH+0x000001cf9a19e800'
Event: 29.178 Thread 0x000001cf989935f0 Unloading class 0x000001cf9a19d400 'java/lang/invoke/LambdaForm$DMH+0x000001cf9a19d400'

Classes redefined (0 events):
No events

Internal exceptions (20 events):
Event: 35.314 Thread 0x000001cfdb365080 Exception <a 'java/io/FileNotFoundException'{0x00000000eba2c3d8}> (0x00000000eba2c3d8) 
thrown [s\src\hotspot\share\prims\jni.cpp, line 520]
Event: 35.327 Thread 0x000001cfdb365080 Exception <a 'java/io/FileNotFoundException'{0x00000000eba59a50}> (0x00000000eba59a50) 
thrown [s\src\hotspot\share\prims\jni.cpp, line 520]
Event: 35.327 Thread 0x000001cfdb365080 Exception <a 'java/io/FileNotFoundException'{0x00000000eba5b2f8}> (0x00000000eba5b2f8) 
thrown [s\src\hotspot\share\prims\jni.cpp, line 520]
Event: 35.327 Thread 0x000001cfdb365080 Exception <a 'java/io/FileNotFoundException'{0x00000000eba5c588}> (0x00000000eba5c588) 
thrown [s\src\hotspot\share\prims\jni.cpp, line 520]
Event: 36.000 Thread 0x000001cfdb365080 Exception <a 'sun/nio/fs/WindowsException'{0x00000000eb5c9318}> (0x00000000eb5c9318) 
thrown [s\src\hotspot\share\prims\jni.cpp, line 520]
Event: 36.023 Thread 0x000001cfdb365080 Exception <a 'sun/nio/fs/WindowsException'{0x00000000eb5e2d10}> (0x00000000eb5e2d10) 
thrown [s\src\hotspot\share\prims\jni.cpp, line 520]
Event: 36.025 Thread 0x000001cfe4221a00 Exception <a 'sun/nio/fs/WindowsException'{0x00000000eb5ee3f0}> (0x00000000eb5ee3f0) 
thrown [s\src\hotspot\share\prims\jni.cpp, line 520]
Event: 36.034 Thread 0x000001cfe4225510 Exception <a 'sun/nio/fs/WindowsException'{0x00000000eb632b28}> (0x00000000eb632b28) 
thrown [s\src\hotspot\share\prims\jni.cpp, line 520]
Event: 36.043 Thread 0x000001cfdb365080 Exception <a 'sun/nio/fs/WindowsException'{0x00000000eb5e6eb0}> (0x00000000eb5e6eb0) 
thrown [s\src\hotspot\share\prims\jni.cpp, line 520]
Event: 36.050 Thread 0x000001cfdb365080 Exception <a 'sun/nio/fs/WindowsException'{0x00000000eb5eaca0}> (0x00000000eb5eaca0) 
thrown [s\src\hotspot\share\prims\jni.cpp, line 520]
Event: 36.058 Thread 0x000001cfdb365080 Exception <a 'sun/nio/fs/WindowsException'{0x00000000eb7e1528}> (0x00000000eb7e1528) 
thrown [s\src\hotspot\share\prims\jni.cpp, line 520]
Event: 36.083 Thread 0x000001cfdb365080 Exception <a 'sun/nio/fs/WindowsException'{0x00000000eb873a20}> (0x00000000eb873a20) 
thrown [s\src\hotspot\share\prims\jni.cpp, line 520]
Event: 36.100 Thread 0x000001cfdb365080 Exception <a 'sun/nio/fs/WindowsException'{0x00000000eb89c3d8}> (0x00000000eb89c3d8) 
thrown [s\src\hotspot\share\prims\jni.cpp, line 520]
Event: 36.123 Thread 0x000001cfdb365080 Exception <a 'sun/nio/fs/WindowsException'{0x00000000eb8ab2d0}> (0x00000000eb8ab2d0) 
thrown [s\src\hotspot\share\prims\jni.cpp, line 520]
Event: 36.140 Thread 0x000001cfdb365080 Exception <a 'sun/nio/fs/WindowsException'{0x00000000eb8b52b8}> (0x00000000eb8b52b8) 
thrown [s\src\hotspot\share\prims\jni.cpp, line 520]
Event: 36.144 Thread 0x000001cfdb365080 Exception <a 'sun/nio/fs/WindowsException'{0x00000000eb8be278}> (0x00000000eb8be278) 
thrown [s\src\hotspot\share\prims\jni.cpp, line 520]
Event: 36.162 Thread 0x000001cfdb365080 Exception <a 'sun/nio/fs/WindowsException'{0x00000000eb8c4c08}> (0x00000000eb8c4c08) 
thrown [s\src\hotspot\share\prims\jni.cpp, line 520]
Event: 36.164 Thread 0x000001cfdb365080 Exception <a 'sun/nio/fs/WindowsException'{0x00000000eb8c5b48}> (0x00000000eb8c5b48) 
thrown [s\src\hotspot\share\prims\jni.cpp, line 520]
Event: 36.197 Thread 0x000001cfdb365080 Exception <a 'sun/nio/fs/WindowsException'{0x00000000eb8cbe90}> (0x00000000eb8cbe90) 
thrown [s\src\hotspot\share\prims\jni.cpp, line 520]
Event: 36.198 Thread 0x000001cfdb365080 Exception <a 'sun/nio/fs/WindowsException'{0x00000000eb8ccb98}> (0x00000000eb8ccb98) 
thrown [s\src\hotspot\share\prims\jni.cpp, line 520]

ZGC Phase Switch (0 events):
No events

VM Operations (20 events):
Event: 35.259 Executing VM operation: HandshakeAllThreads (Deoptimize) done
Event: 35.380 Executing VM operation: ParallelGCFailedAllocation (Allocation Failure)
Event: 35.386 Executing VM operation: ParallelGCFailedAllocation (Allocation Failure) done
Event: 35.576 Executing VM operation: ParallelGCFailedAllocation (Allocation Failure)
Event: 35.581 Executing VM operation: ParallelGCFailedAllocation (Allocation Failure) done
Event: 35.936 Executing VM operation: HandshakeAllThreads (Deoptimize)
Event: 35.940 Executing VM operation: HandshakeAllThreads (Deoptimize) done
Event: 36.295 Executing VM operation: ParallelGCFailedAllocation (Allocation Failure)
Event: 36.299 Executing VM operation: ParallelGCFailedAllocation (Allocation Failure) done
Event: 37.345 Executing VM operation: ParallelGCFailedAllocation (Allocation Failure)
Event: 37.348 Executing VM operation: ParallelGCFailedAllocation (Allocation Failure) done
Event: 37.395 Executing VM operation: ParallelGCFailedAllocation (Allocation Failure)
Event: 37.399 Executing VM operation: ParallelGCFailedAllocation (Allocation Failure) done
Event: 37.453 Executing VM operation: ParallelGCFailedAllocation (Allocation Failure)
Event: 37.456 Executing VM operation: ParallelGCFailedAllocation (Allocation Failure) done
Event: 37.484 Executing VM operation: ParallelGCFailedAllocation (Allocation Failure)
Event: 37.486 Executing VM operation: ParallelGCFailedAllocation (Allocation Failure) done
Event: 37.563 Executing VM operation: ParallelGCFailedAllocation (Allocation Failure)
Event: 37.565 Executing VM operation: ParallelGCFailedAllocation (Allocation Failure) done
Event: 37.644 Executing VM operation: ParallelGCFailedAllocation (Allocation Failure)

Memory protections (0 events):
No events

Nmethod flushes (20 events):
Event: 30.833 Thread 0x000001cf989935f0 flushing  nmethod 0x000001cf87e70490
Event: 30.833 Thread 0x000001cf989935f0 flushing  nmethod 0x000001cf87e71590
Event: 30.833 Thread 0x000001cf989935f0 flushing  nmethod 0x000001cf87e72e90
Event: 30.833 Thread 0x000001cf989935f0 flushing  nmethod 0x000001cf87e7d410
Event: 30.833 Thread 0x000001cf989935f0 flushing  nmethod 0x000001cf87e7d910
Event: 30.833 Thread 0x000001cf989935f0 flushing  nmethod 0x000001cf87e94e90
Event: 30.833 Thread 0x000001cf989935f0 flushing  nmethod 0x000001cf87e9cb90
Event: 30.833 Thread 0x000001cf989935f0 flushing  nmethod 0x000001cf87ea0c90
Event: 30.833 Thread 0x000001cf989935f0 flushing  nmethod 0x000001cf87ea5390
Event: 30.833 Thread 0x000001cf989935f0 flushing  nmethod 0x000001cf87ea8d10
Event: 30.833 Thread 0x000001cf989935f0 flushing  nmethod 0x000001cf87eb1a10
Event: 30.833 Thread 0x000001cf989935f0 flushing  nmethod 0x000001cf87edf310
Event: 30.833 Thread 0x000001cf989935f0 flushing  nmethod 0x000001cf87f44f90
Event: 30.833 Thread 0x000001cf989935f0 flushing  nmethod 0x000001cf87f63310
Event: 30.833 Thread 0x000001cf989935f0 flushing  nmethod 0x000001cf87f74a10
Event: 30.833 Thread 0x000001cf989935f0 flushing  nmethod 0x000001cf87f74e90
Event: 30.833 Thread 0x000001cf989935f0 flushing  nmethod 0x000001cf87f75e10
Event: 30.833 Thread 0x000001cf989935f0 flushing  nmethod 0x000001cf87f76c10
Event: 30.833 Thread 0x000001cf989935f0 flushing  nmethod 0x000001cf87f78010
Event: 30.833 Thread 0x000001cf989935f0 flushing  nmethod 0x000001cf87f79110

Events (20 events):
Event: 30.583 Thread 0x000001cf82200d60 Thread added: 0x000001cfe23ca9e0
Event: 30.583 Thread 0x000001cf82200d60 Thread added: 0x000001cfe23c7bf0
Event: 30.583 Thread 0x000001cf82200d60 Thread added: 0x000001cfe23c9cc0
Event: 30.659 Thread 0x000001cf82200d60 Thread added: 0x000001cfe23ca350
Event: 31.148 Thread 0x000001cf82200d60 Thread added: 0x000001cfe4224160
Event: 31.149 Thread 0x000001cf82200d60 Thread added: 0x000001cfe4223440
Event: 32.992 Thread 0x000001cfdb365080 Thread added: 0x000001cfe42247f0
Event: 34.232 Thread 0x000001cfe02f1ef0 Thread exited: 0x000001cfe02f1ef0
Event: 34.649 Thread 0x000001cfe01d6380 Thread exited: 0x000001cfe01d6380
Event: 36.004 Thread 0x000001cfdb365080 Thread added: 0x000001cfe4221a00
Event: 36.024 Thread 0x000001cfe4221a00 Thread added: 0x000001cfe4225510
Event: 36.026 Thread 0x000001cfe4221a00 Thread added: 0x000001cfe4224e80
Event: 36.033 Thread 0x000001cfe4225510 Thread added: 0x000001cfe4222090
Event: 36.213 Thread 0x000001cfe1c5a790 Thread exited: 0x000001cfe1c5a790
Event: 36.263 Thread 0x000001cfdb365080 Thread added: 0x000001cfe4222db0
Event: 36.263 Thread 0x000001cfdb365080 Thread added: 0x000001cfe4223ad0
Event: 36.263 Thread 0x000001cfdb352070 Thread added: 0x000001cfe1c5a790
Event: 36.263 Thread 0x000001cfdb365080 Thread added: 0x000001cfe4225ba0
Event: 36.263 Thread 0x000001cfdb365080 Thread added: 0x000001cfe4222720
Event: 37.386 Thread 0x000001cfdb352070 Thread added: 0x000001cfdb952ba0


Dynamic libraries:
0x00007ff7d4e40000 - 0x00007ff7d4e4e000 	c:\Users\eduar\.vscode\extensions\redhat.java-1.41.1-win32-x64\jre\21.0.6-win32-x86_64\bin\java.exe
0x00007ffe3a760000 - 0x00007ffe3a9c3000 	C:\WINDOWS\SYSTEM32\ntdll.dll
0x00007ffdf64b0000 - 0x00007ffdf64ca000 	C:\Program Files\Avast Software\Avast\aswhook.dll
0x00007ffe390c0000 - 0x00007ffe39188000 	C:\WINDOWS\System32\KERNEL32.DLL
0x00007ffe37be0000 - 0x00007ffe37f92000 	C:\WINDOWS\System32\KERNELBASE.dll
0x00007ffe38470000 - 0x00007ffe385bb000 	C:\WINDOWS\System32\ucrtbase.dll
0x00007ffe13570000 - 0x00007ffe13588000 	c:\Users\eduar\.vscode\extensions\redhat.java-1.41.1-win32-x64\jre\21.0.6-win32-x86_64\bin\jli.dll
0x00007ffe385c0000 - 0x00007ffe38788000 	C:\WINDOWS\System32\USER32.dll
0x00007ffe38200000 - 0x00007ffe38227000 	C:\WINDOWS\System32\win32u.dll
0x00007ffe174d0000 - 0x00007ffe174ee000 	c:\Users\eduar\.vscode\extensions\redhat.java-1.41.1-win32-x64\jre\21.0.6-win32-x86_64\bin\VCRUNTIME140.dll
0x00007ffe38820000 - 0x00007ffe3884a000 	C:\WINDOWS\System32\GDI32.dll
0x00007ffe38040000 - 0x00007ffe3816b000 	C:\WINDOWS\System32\gdi32full.dll
0x00007ffe37b30000 - 0x00007ffe37bd3000 	C:\WINDOWS\System32\msvcp_win.dll
0x00007ffe1ba70000 - 0x00007ffe1bd00000 	C:\WINDOWS\WinSxS\amd64_microsoft.windows.common-controls_6595b64144ccf1df_6.0.26100.2454_none_3e0b68a2e331ad60\COMCTL32.dll
0x00007ffe3a3a0000 - 0x00007ffe3a449000 	C:\WINDOWS\System32\msvcrt.dll
0x00007ffe38790000 - 0x00007ffe387bf000 	C:\WINDOWS\System32\IMM32.DLL
0x00007ffe07330000 - 0x00007ffe0741b000 	C:\Program Files\Windhawk\Engine\1.5.1\64\windhawk.dll
0x00007ffe388d0000 - 0x00007ffe38984000 	C:\WINDOWS\System32\ADVAPI32.dll
0x00007ffe39680000 - 0x00007ffe39726000 	C:\WINDOWS\System32\sechost.dll
0x00007ffe39c30000 - 0x00007ffe39d46000 	C:\WINDOWS\System32\RPCRT4.dll
0x00007ffe32610000 - 0x00007ffe32736000 	C:\WINDOWS\SYSTEM32\WINHTTP.dll
0x00007ffe232f0000 - 0x00007ffe232fc000 	c:\Users\eduar\.vscode\extensions\redhat.java-1.41.1-win32-x64\jre\21.0.6-win32-x86_64\bin\vcruntime140_1.dll
0x00007ffe069b0000 - 0x00007ffe06a3d000 	c:\Users\eduar\.vscode\extensions\redhat.java-1.41.1-win32-x64\jre\21.0.6-win32-x86_64\bin\msvcp140.dll
0x00007ffdccce0000 - 0x00007ffdcda70000 	c:\Users\eduar\.vscode\extensions\redhat.java-1.41.1-win32-x64\jre\21.0.6-win32-x86_64\bin\server\jvm.dll
0x00007ffe38850000 - 0x00007ffe388c4000 	C:\WINDOWS\System32\WS2_32.dll
0x00007ffe2c1a0000 - 0x00007ffe2c1ab000 	C:\WINDOWS\SYSTEM32\VERSION.dll
0x00007ffe379c0000 - 0x00007ffe37a0e000 	C:\WINDOWS\SYSTEM32\POWRPROF.dll
0x00007ffe2c670000 - 0x00007ffe2c6a6000 	C:\WINDOWS\SYSTEM32\WINMM.dll
0x00007ffe379a0000 - 0x00007ffe379b4000 	C:\WINDOWS\SYSTEM32\UMPDC.dll
0x00007ffe36970000 - 0x00007ffe3698a000 	C:\WINDOWS\SYSTEM32\kernel.appcore.dll
0x00007ffe231c0000 - 0x00007ffe231ca000 	c:\Users\eduar\.vscode\extensions\redhat.java-1.41.1-win32-x64\jre\21.0.6-win32-x86_64\bin\jimage.dll
0x00007ffe26e00000 - 0x00007ffe27041000 	C:\WINDOWS\SYSTEM32\DBGHELP.DLL
0x00007ffe39190000 - 0x00007ffe3950e000 	C:\WINDOWS\System32\combase.dll
0x00007ffe39b50000 - 0x00007ffe39c26000 	C:\WINDOWS\System32\OLEAUT32.dll
0x00007ffe26da0000 - 0x00007ffe26dd9000 	C:\WINDOWS\SYSTEM32\dbgcore.DLL
0x00007ffe37fa0000 - 0x00007ffe38039000 	C:\WINDOWS\System32\bcryptPrimitives.dll
0x00007ffe22510000 - 0x00007ffe2251f000 	c:\Users\eduar\.vscode\extensions\redhat.java-1.41.1-win32-x64\jre\21.0.6-win32-x86_64\bin\instrument.dll
0x00007ffe13520000 - 0x00007ffe1353f000 	c:\Users\eduar\.vscode\extensions\redhat.java-1.41.1-win32-x64\jre\21.0.6-win32-x86_64\bin\java.dll
0x00007ffe38990000 - 0x00007ffe39091000 	C:\WINDOWS\System32\SHELL32.dll
0x00007ffe35810000 - 0x00007ffe36041000 	C:\WINDOWS\SYSTEM32\windows.storage.dll
0x00007ffe39520000 - 0x00007ffe395fa000 	C:\WINDOWS\System32\SHCORE.dll
0x00007ffe3a340000 - 0x00007ffe3a39d000 	C:\WINDOWS\System32\shlwapi.dll
0x00007ffe37a40000 - 0x00007ffe37a6e000 	C:\WINDOWS\SYSTEM32\profapi.dll
0x00007ffe10b90000 - 0x00007ffe10ba8000 	c:\Users\eduar\.vscode\extensions\redhat.java-1.41.1-win32-x64\jre\21.0.6-win32-x86_64\bin\zip.dll
0x00007ffe21ac0000 - 0x00007ffe21ad0000 	C:\Users\eduar\.vscode\extensions\redhat.java-1.41.1-win32-x64\jre\21.0.6-win32-x86_64\bin\net.dll
0x00007ffe36e70000 - 0x00007ffe36ed8000 	C:\WINDOWS\system32\mswsock.dll
0x00007ffe10b40000 - 0x00007ffe10b56000 	C:\Users\eduar\.vscode\extensions\redhat.java-1.41.1-win32-x64\jre\21.0.6-win32-x86_64\bin\nio.dll
0x00007ffe324a0000 - 0x00007ffe324b0000 	c:\Users\eduar\.vscode\extensions\redhat.java-1.41.1-win32-x64\jre\21.0.6-win32-x86_64\bin\verify.dll
0x00007ffe04650000 - 0x00007ffe04695000 	C:\Users\eduar\AppData\Roaming\Code\User\globalStorage\redhat.java\1.41.1\config_win\org.eclipse.equinox.launcher\org.eclipse.equinox.launcher.win32.win32.x86_64_1.2.1300.v20250331-1702\eclipse_11911.dll
0x00007ffe399a0000 - 0x00007ffe39b39000 	C:\WINDOWS\System32\ole32.dll
0x00007ffe37120000 - 0x00007ffe3713c000 	C:\WINDOWS\SYSTEM32\CRYPTSP.dll
0x00007ffe368d0000 - 0x00007ffe36908000 	C:\WINDOWS\system32\rsaenh.dll
0x00007ffe36f10000 - 0x00007ffe36f3b000 	C:\WINDOWS\SYSTEM32\USERENV.dll
0x00007ffe37350000 - 0x00007ffe37376000 	C:\WINDOWS\SYSTEM32\bcrypt.dll
0x00007ffe37110000 - 0x00007ffe3711c000 	C:\WINDOWS\SYSTEM32\CRYPTBASE.dll
0x00007ffe36420000 - 0x00007ffe36452000 	C:\WINDOWS\SYSTEM32\IPHLPAPI.DLL
0x00007ffe39900000 - 0x00007ffe3990a000 	C:\WINDOWS\System32\NSI.dll
0x00007ffe03fd0000 - 0x00007ffe04019000 	C:\Users\eduar\AppData\Local\Temp\jna-96370279\jna7420129990828451564.dll
0x00007ffe3a5f0000 - 0x00007ffe3a5f8000 	C:\WINDOWS\System32\PSAPI.DLL
0x00007ffe33620000 - 0x00007ffe3363e000 	C:\WINDOWS\SYSTEM32\dhcpcsvc6.DLL
0x00007ffe335f0000 - 0x00007ffe33615000 	C:\WINDOWS\SYSTEM32\dhcpcsvc.DLL
0x00007ffe36a90000 - 0x00007ffe36ac5000 	C:\WINDOWS\SYSTEM32\ntmarta.dll

dbghelp: loaded successfully - version: 4.0.5 - missing functions: none
symbol engine: initialized successfully - sym options: 0x614 - pdb path: .;c:\Users\eduar\.vscode\extensions\redhat.java-1.41.1-win32-x64\jre\21.0.6-win32-x86_64\bin;C:\WINDOWS\SYSTEM32;C:\Program Files\Avast Software\Avast;C:\WINDOWS\WinSxS\amd64_microsoft.windows.common-controls_6595b64144ccf1df_6.0.26100.2454_none_3e0b68a2e331ad60;C:\Program Files\Windhawk\Engine\1.5.1\64;c:\Users\eduar\.vscode\extensions\redhat.java-1.41.1-win32-x64\jre\21.0.6-win32-x86_64\bin\server;C:\Users\eduar\AppData\Roaming\Code\User\globalStorage\redhat.java\1.41.1\config_win\org.eclipse.equinox.launcher\org.eclipse.equinox.launcher.win32.win32.x86_64_1.2.1300.v20250331-1702;C:\Users\eduar\AppData\Local\Temp\jna-96370279

VM Arguments:
jvm_args: --add-modules=ALL-SYSTEM --add-opens=java.base/java.util=ALL-UNNAMED --add-opens=java.base/java.lang=ALL-UNNAMED --add-opens=java.base/sun.nio.fs=ALL-UNNAMED -Declipse.application=org.eclipse.jdt.ls.core.id1 -Dosgi.bundles.defaultStartLevel=4 -Declipse.product=org.eclipse.jdt.ls.core.product -Djava.import.generatesMetadataFilesAtProjectRoot=false -DDetectVMInstallationsJob.disabled=true -Dfile.encoding=utf8 -XX:+UseParallelGC -XX:GCTimeRatio=4 -XX:AdaptiveSizePolicyWeight=90 -Dsun.zip.disableMemoryMapping=true -Xmx1G -Xms100m -Xlog:disable -javaagent:c:\Users\eduar\.vscode\extensions\redhat.java-1.41.1-win32-x64\lombok\lombok-1.18.36.jar -XX:+HeapDumpOnOutOfMemoryError -XX:HeapDumpPath=c:\Users\eduar\AppData\Roaming\Code\User\workspaceStorage\1a3bf5265045d53ca5bf4db551030756\redhat.java -Daether.dependencyCollector.impl=bf 
java_command: c:\Users\eduar\.vscode\extensions\redhat.java-1.41.1-win32-x64\server\plugins\org.eclipse.equinox.launcher_1.7.0.v20250331-1702.jar -configuration c:\Users\eduar\AppData\Roaming\Code\User\globalStorage\redhat.java\1.41.1\config_win -data c:\Users\eduar\AppData\Roaming\Code\User\workspaceStorage\1a3bf5265045d53ca5bf4db551030756\redhat.java\jdt_ws --pipe=\\.\pipe\lsp-60848f7537591e8673bee05e883c9f12-sock
java_class_path (initial): c:\Users\eduar\.vscode\extensions\redhat.java-1.41.1-win32-x64\server\plugins\org.eclipse.equinox.launcher_1.7.0.v20250331-1702.jar
Launcher Type: SUN_STANDARD

[Global flags]
    uintx AdaptiveSizePolicyWeight                 = 90                                        {product} {command line}
     intx CICompilerCount                          = 4                                         {product} {ergonomic}
    uintx GCTimeRatio                              = 4                                         {product} {command line}
     bool HeapDumpOnOutOfMemoryError               = true                                   {manageable} {command line}
    ccstr HeapDumpPath                             = c:\Users\eduar\AppData\Roaming\Code\User\workspaceStorage\1a3bf5265045d53ca5bf4db551030756\redhat.java         {manageable} {command line}
   size_t InitialHeapSize                          = 104857600                                 {product} {command line}
   size_t MaxHeapSize                              = 1073741824                                {product} {command line}
   size_t MaxNewSize                               = 357564416                                 {product} {ergonomic}
   size_t MinHeapDeltaBytes                        = 524288                                    {product} {ergonomic}
   size_t MinHeapSize                              = 104857600                                 {product} {command line}
   size_t NewSize                                  = 34603008                                  {product} {ergonomic}
    uintx NonNMethodCodeHeapSize                   = 5839372                                {pd product} {ergonomic}
    uintx NonProfiledCodeHeapSize                  = 122909434                              {pd product} {ergonomic}
   size_t OldSize                                  = 70254592                                  {product} {ergonomic}
    uintx ProfiledCodeHeapSize                     = 122909434                              {pd product} {ergonomic}
    uintx ReservedCodeCacheSize                    = 251658240                              {pd product} {ergonomic}
     bool SegmentedCodeCache                       = true                                      {product} {ergonomic}
   size_t SoftMaxHeapSize                          = 1073741824                             {manageable} {ergonomic}
     bool UseCompressedOops                        = true                           {product lp64_product} {ergonomic}
     bool UseLargePagesIndividualAllocation        = false                                  {pd product} {ergonomic}
     bool UseParallelGC                            = true                                      {product} {command line}

Logging:
Log output configuration:
 #0: stdout all=off uptime,level,tags foldmultilines=false
 #1: stderr all=off uptime,level,tags foldmultilines=false

Environment Variables:
JAVA_HOME=C:\Program Files\Java\jdk-24
PATH=%JAVA_HOME%\bin;C:\Program Files\Eclipse Adoptium\jdk-21.0.6.7-hotspot\bin;C:\Program Files (x86)\NVIDIA Corporation\PhysX\Common;C:\Program Files\Common Files\Oracle\Java\javapath;C:\WINDOWS\system32;C:\WINDOWS;C:\WINDOWS\System32\Wbem;C:\WINDOWS\System32\WindowsPowerShell\v1.0\;C:\WINDOWS\System32\OpenSSH\;C:\Program Files (x86)\Microsoft SQL Server\160\Tools\Binn\;C:\Program Files\Microsoft SQL Server\160\Tools\Binn\;C:\Program Files\Microsoft SQL Server\Client SDK\ODBC\170\Tools\Binn\;C:\Program Files\Microsoft SQL Server\160\DTS\Binn\;C:\Program Files\dotnet\;C:\Program Files\Git\cmd;C:\Program Files\nodejs\;C:\Users\eduar\OneDrive\Documentos\apache-maven-3.9.9\bin;\Windows\system32\cmd.exe;C:\Users\eduar\AppData\Local\Programs\Python\Python313\Scripts\;C:\Users\eduar\AppData\Local\Programs\Python\Python313\;C:\Program Files\MySQL\MySQL Shell 8.0\bin\;C:\Users\eduar\scoop\shims;C:\Users\eduar\AppData\Local\Microsoft\WindowsApps;C:\Users\eduar\AppData\Local\GitHubDesktop\bin;C:\Program Files\JetBrains\IntelliJ IDEA Community Edition 2024.1\bin;;C:\Users\eduar\AppData\Local\Programs\Microsoft VS Code\bin;C:\Users\eduar\AppData\Roaming\npm;C:\windows\system32\cmd.exe;
USERNAME=eduar
OS=Windows_NT
PROCESSOR_IDENTIFIER=Intel64 Family 6 Model 140 Stepping 1, GenuineIntel
TMP=C:\Users\eduar\AppData\Local\Temp
TEMP=C:\Users\eduar\AppData\Local\Temp




Periodic native trim disabled

---------------  S Y S T E M  ---------------

OS:
 Windows 11 , 64 bit Build 26100 (10.0.26100.2454)
OS uptime: 0 days 15:47 hours
Hyper-V role detected

CPU: total 8 (initial active 8) (4 cores per cpu, 2 threads per core) family 6 model 140 stepping 1 microcode 0xb8, cx8, cmov, fxsr, ht, mmx, 3dnowpref, sse, sse2, sse3, ssse3, sse4.1, sse4.2, popcnt, lzcnt, tsc, tscinvbit, avx, avx2, aes, erms, clmul, bmi1, bmi2, adx, avx512f, avx512dq, avx512cd, avx512bw, avx512vl, sha, fma, vzeroupper, avx512_vpopcntdq, avx512_vpclmulqdq, avx512_vaes, avx512_vnni, clflush, clflushopt, clwb, avx512_vbmi2, avx512_vbmi, hv, rdtscp, rdpid, fsrm, gfni, avx512_bitalg, f16c, cet_ibt, cet_ss, avx512_ifma
Processor Information for the first 8 processors :
  Max Mhz: 2419, Current Mhz: 2419, Mhz Limit: 2419

Memory: 4k page, system-wide physical 16167M (991M free)
TotalPageFile size 46532M (AvailPageFile size 3M)
current process WorkingSet (physical memory assigned to process): 305M, peak: 308M
current process commit charge ("private bytes"): 340M, peak: 347M

vm_info: OpenJDK 64-Bit Server VM (21.0.6+7-LTS) for windows-amd64 JRE (21.0.6+7-LTS), built on 2025-01-21T00:00:00Z by "admin" with MS VC++ 17.7 (VS2022)

END.
